[2016-06-02 09:34:51] START
[2016-06-02 09:34:51] EDIT GuiArtec/controllers/default.py: 13
[2016-06-02 09:38:43] EDIT GuiArtec/views/default/index.html: 16
[2016-06-02 09:43:09] EDIT GuiArtec/controllers/default.py: 0
[2016-06-02 09:56:13] EDIT GuiArtec/controllers/default.py: 12
[2016-06-02 09:56:34] EDIT GuiArtec/controllers/default.py: 0
[2016-06-02 10:02:03] EDIT GuiArtec/models/db.py: 6
[2016-06-02 10:02:48] EDIT GuiArtec/models/db.py: 1
[2016-06-02 10:07:25] EDIT GuiArtec/views/default/index.html: 6
[2016-06-02 10:08:15] EDIT GuiArtec/views/default/index.html: 0
[2016-06-02 10:13:28] EDIT GuiArtec/views/default/index.html: 0
[2016-06-02 10:14:08] EDIT GuiArtec/controllers/default.py: -12
[2016-06-02 10:14:43] EDIT GuiArtec/views/default/index.html: 0
[2016-06-02 10:16:54] EDIT GuiArtec/controllers/default.py: 0
[2016-06-02 10:18:16] EDIT GuiArtec/views/default/index.html: 0
[2016-06-02 10:19:26] EDIT GuiArtec/models/db.py: 0
[2016-06-02 10:21:04] EDIT GuiArtec/views/default/index.html: 0
[2016-06-02 10:28:42] EDIT GuiArtec/controllers/default.py: 0
[2016-06-02 10:31:21] EDIT GuiArtec/views/default/index.html: 3
[2016-06-02 10:31:38] EDIT GuiArtec/controllers/default.py: 7
[2016-06-02 10:31:47] EDIT GuiArtec/controllers/default.py: 0
[2016-06-02 10:31:49] EDIT GuiArtec/views/default/index.html: 0
[2016-06-02 10:32:28] EDIT GuiArtec/views/default/index.html: 0
[2016-06-02 10:32:37] EDIT GuiArtec/views/default/index.html: 0
[2016-06-02 11:04:01] EDIT GuiArtec/controllers/default.py: 7
[2016-06-02 11:15:39] EDIT GuiArtec/views/default/index.html: 8
[2016-06-02 11:21:09] EDIT GuiArtec/views/default/index.html: 0
[2016-06-02 11:24:12] EDIT GuiArtec/views/default/index.html: 0
[2016-06-02 11:25:14] EDIT GuiArtec/views/default/index.html: 1
[2016-06-02 11:28:49] EDIT GuiArtec/views/default/index.html: -1
[2016-06-02 11:35:32] EDIT GuiArtec/views/default/index.html: -6
[2016-06-02 11:38:16] EDIT GuiArtec/views/default/index.html: 6
[2016-06-02 11:41:10] EDIT GuiArtec/controllers/default.py: 2
[2016-06-02 11:42:48] EDIT GuiArtec/views/default/index.html: -6
[2016-06-02 11:44:01] EDIT GuiArtec/views/default/index.html: 2
[2016-06-02 11:44:21] EDIT GuiArtec/views/default/index.html: 0
[2016-06-02 11:48:12] EDIT GuiArtec/controllers/default.py: -1
[2016-06-02 11:49:06] EDIT GuiArtec/controllers/default.py: 0
[2016-06-02 11:51:40] EDIT GuiArtec/controllers/default.py: 0
[2016-06-02 11:57:30] EDIT GuiArtec/views/default/index.html: 17
[2016-06-02 11:57:43] EDIT GuiArtec/views/default/index.html: 0
[2016-06-02 11:57:45] EDIT GuiArtec/controllers/default.py: 0
[2016-06-02 11:59:47] EDIT GuiArtec/views/default/index.html: 0
[2016-06-02 12:00:07] EDIT GuiArtec/controllers/default.py: 0
[2016-06-02 12:01:12] EDIT GuiArtec/views/default/index.html: 0
[2016-06-02 12:01:22] EDIT GuiArtec/views/default/index.html: 0
[2016-06-02 12:05:25] EDIT GuiArtec/views/default/index.html: 0
[2016-06-02 12:06:42] EDIT GuiArtec/views/default/index.html: 0
[2016-06-02 12:12:21] EDIT GuiArtec/views/default/index.html: -10
[2016-06-02 12:13:08] EDIT GuiArtec/views/default/index.html: 0
[2016-06-02 12:14:11] EDIT GuiArtec/controllers/default.py: 0
[2016-06-02 12:14:14] EDIT GuiArtec/controllers/default.py: 0
[2016-06-02 12:17:17] EDIT GuiArtec/views/default/index.html: 12
[2016-06-02 12:17:34] EDIT GuiArtec/views/default/index.html: 0
[2016-06-02 12:17:40] EDIT GuiArtec/views/default/index.html: 0
[2016-06-02 12:22:47] EDIT GuiArtec/views/default/index.html: 0
[2016-06-02 12:23:19] EDIT GuiArtec/views/default/index.html: 0
[2016-06-02 12:23:36] EDIT GuiArtec/views/default/index.html: 0
[2016-06-02 12:23:45] EDIT GuiArtec/views/default/index.html: 0
[2016-06-02 12:24:04] EDIT GuiArtec/views/default/index.html: 0
[2016-06-02 12:28:08] EDIT GuiArtec/views/default/index.html: 0
[2016-06-02 12:29:14] EDIT GuiArtec/views/default/index.html: 0
[2016-06-02 12:31:45] EDIT GuiArtec/views/default/index.html: -15
[2016-06-02 12:32:30] EDIT GuiArtec/views/default/index.html: 0
[2016-06-02 12:32:54] EDIT GuiArtec/views/default/index.html: 12
[2016-06-02 12:33:53] EDIT GuiArtec/views/default/index.html: 0
[2016-06-02 12:34:48] EDIT GuiArtec/views/default/index.html: 0
[2016-06-02 12:39:38] EDIT GuiArtec/views/default/index.html: 0
[2016-06-02 12:42:56] EDIT GuiArtec/views/default/index.html: 0
[2016-06-02 12:47:38] EDIT GuiArtec/views/default/index.html: 0
[2016-06-03 09:29:14] EDIT GuiArtec/views/default/index.html: 0
[2016-06-03 09:29:58] EDIT GuiArtec/controllers/default.py: -8
[2016-06-03 22:58:38] EDIT GuiArtec/views/default/index.html: 0
[2016-06-03 23:00:11] EDIT GuiArtec/views/default/index.html: 0
[2016-06-03 23:03:45] EDIT GuiArtec/views/default/index.html: 0
[2016-06-03 23:09:07] EDIT GuiArtec/controllers/default.py: 4
[2016-06-03 23:10:17] EDIT GuiArtec/controllers/default.py: 1
[2016-06-03 23:11:05] EDIT GuiArtec/controllers/default.py: 0
[2016-06-03 23:32:03] EDIT GuiArtec/views/default/index.html: -12
[2016-06-03 23:32:20] EDIT GuiArtec/views/default/index.html: 0
[2016-06-03 23:33:10] EDIT GuiArtec/views/default/index.html: 0
[2016-06-03 23:33:24] EDIT GuiArtec/views/default/index.html: 0
[2016-06-03 23:33:30] EDIT GuiArtec/views/default/index.html: 0
[2016-06-03 23:34:24] EDIT GuiArtec/controllers/default.py: -8
[2016-06-03 23:36:17] EDIT GuiArtec/controllers/default.py: 6
[2016-06-03 23:36:26] EDIT GuiArtec/controllers/default.py: 0
[2016-06-03 23:43:26] EDIT GuiArtec/controllers/default.py: 6
[2016-06-03 23:43:42] EDIT GuiArtec/controllers/default.py: 0
[2016-06-03 23:43:45] EDIT GuiArtec/controllers/default.py: 0
[2016-06-03 23:43:48] EDIT GuiArtec/controllers/default.py: 0
[2016-06-03 23:53:40] EDIT GuiArtec/controllers/default.py: 8
[2016-06-03 23:54:22] EDIT GuiArtec/controllers/default.py: -23
[2016-06-03 23:54:26] EDIT GuiArtec/controllers/default.py: 0
[2016-06-03 23:54:35] EDIT GuiArtec/views/default/index.html: 0
[2016-06-04 20:06:26] CREATE mapa.py: 0
[2016-06-04 20:08:15] EDIT GuiArtec/controllers/mapa.py: 15
[2016-06-04 20:08:30] EDIT GuiArtec/controllers/mapa.py: 0
[2016-06-04 20:08:47] EDIT GuiArtec/controllers/default.py: -13
[2016-06-04 20:08:50] EDIT GuiArtec/controllers/default.py: 0
[2016-06-04 20:09:24] CREATE mapa/senderoEsculturas.html: 0
[2016-06-04 20:11:14] EDIT GuiArtec/views/mapa/senderoEsculturas.html: 32
[2016-06-04 20:11:16] EDIT GuiArtec/views/default/index.html: -32
[2016-06-04 20:13:28] CREATE mapa/index.html: 0
[2016-06-04 20:13:55] EDIT GuiArtec/views/mapa/index.html: 32
[2016-06-04 20:14:12] DELETE GuiArtec/views/mapa/senderoEsculturas.html: -35
[2016-06-04 20:15:46] EDIT GuiArtec/views/default/index.html: 0
[2016-06-04 20:17:36] EDIT GuiArtec/views/mapa/index.html: -6
[2016-06-04 20:17:44] EDIT GuiArtec/views/mapa/index.html: 0
[2016-06-04 20:19:02] EDIT GuiArtec/views/mapa/index.html: 0
[2016-06-04 20:19:39] EDIT GuiArtec/views/mapa/index.html: 0
[2016-06-04 20:31:34] EDIT GuiArtec/controllers/mapa.py: 12
[2016-06-04 20:32:31] EDIT GuiArtec/controllers/mapa.py: 0
[2016-06-04 20:32:36] EDIT GuiArtec/controllers/mapa.py: 0
[2016-06-04 20:34:11] EDIT GuiArtec/controllers/mapa.py: 0
[2016-06-04 20:34:22] EDIT GuiArtec/controllers/mapa.py: 0
[2016-06-04 20:35:22] EDIT GuiArtec/controllers/mapa.py: 2
[2016-06-04 20:35:27] EDIT GuiArtec/controllers/mapa.py: 0
[2016-06-04 20:36:45] EDIT GuiArtec/controllers/mapa.py: 3
[2016-06-04 20:37:25] EDIT GuiArtec/controllers/mapa.py: 0
[2016-06-04 20:37:29] EDIT GuiArtec/controllers/mapa.py: 0
[2016-06-04 20:38:01] EDIT GuiArtec/controllers/mapa.py: -1
[2016-06-04 20:38:44] EDIT GuiArtec/controllers/mapa.py: 0
[2016-06-04 20:41:58] EDIT GuiArtec/views/mapa/index.html: 1
[2016-06-04 20:43:31] EDIT GuiArtec/controllers/mapa.py: 1
[2016-06-04 20:43:45] EDIT GuiArtec/controllers/mapa.py: 0
[2016-06-04 20:45:54] EDIT GuiArtec/controllers/mapa.py: 0
[2016-06-04 20:50:32] EDIT GuiArtec/controllers/mapa.py: -1
[2016-06-04 20:54:35] EDIT GuiArtec/controllers/mapa.py: 4
[2016-06-04 20:55:31] EDIT GuiArtec/controllers/mapa.py: 2
[2016-06-04 20:56:21] EDIT GuiArtec/controllers/mapa.py: 1
[2016-06-04 20:59:10] EDIT GuiArtec/controllers/mapa.py: -3
[2016-06-04 21:00:42] EDIT GuiArtec/controllers/mapa.py: 2
[2016-06-04 21:04:15] EDIT GuiArtec/controllers/mapa.py: -2
[2016-06-04 21:06:55] EDIT GuiArtec/controllers/mapa.py: -5
[2016-06-04 21:08:24] EDIT GuiArtec/controllers/mapa.py: 6
[2016-06-04 21:10:32] EDIT GuiArtec/controllers/mapa.py: -10
[2016-06-04 21:11:07] EDIT GuiArtec/views/mapa/index.html: 0
[2016-06-04 21:12:57] EDIT GuiArtec/controllers/mapa.py: 0
[2016-06-04 21:15:54] EDIT GuiArtec/views/mapa/index.html: 8
[2016-06-04 21:16:12] EDIT GuiArtec/views/mapa/index.html: 0
[2016-06-04 21:20:02] EDIT GuiArtec/controllers/mapa.py: -2
[2016-06-04 21:21:58] EDIT GuiArtec/views/mapa/index.html: -7
[2016-06-04 21:22:01] EDIT GuiArtec/views/mapa/index.html: 0
[2016-06-04 21:23:02] EDIT GuiArtec/views/mapa/index.html: 0
[2016-06-04 21:23:39] EDIT GuiArtec/controllers/mapa.py: 0
[2016-06-04 21:23:49] EDIT GuiArtec/controllers/mapa.py: 0
[2016-06-04 21:25:22] EDIT GuiArtec/views/mapa/index.html: -1
[2016-06-04 21:27:15] EDIT GuiArtec/controllers/mapa.py: -1
[2016-06-04 21:27:40] EDIT GuiArtec/controllers/mapa.py: 0
[2016-06-04 21:31:07] EDIT GuiArtec/controllers/mapa.py: 1
[2016-06-04 21:31:44] EDIT GuiArtec/controllers/mapa.py: 1
[2016-06-04 21:32:00] EDIT GuiArtec/controllers/mapa.py: 0
[2016-06-04 21:35:09] EDIT GuiArtec/controllers/mapa.py: -2
[2016-06-04 21:36:19] EDIT GuiArtec/controllers/mapa.py: 2
[2016-06-04 21:40:35] EDIT GuiArtec/views/mapa/index.html: 0
[2016-06-04 21:42:01] EDIT GuiArtec/views/mapa/index.html: 0
[2016-06-04 21:46:15] EDIT GuiArtec/views/mapa/index.html: 0
[2016-06-04 21:47:09] EDIT GuiArtec/views/mapa/index.html: 9
[2016-06-04 21:47:15] EDIT GuiArtec/views/mapa/index.html: 0
[2016-06-04 21:48:26] EDIT GuiArtec/views/mapa/index.html: 0
[2016-06-04 21:49:52] EDIT GuiArtec/views/mapa/index.html: -1
[2016-06-04 21:50:16] EDIT GuiArtec/views/mapa/index.html: 8
[2016-06-04 21:50:50] EDIT GuiArtec/views/mapa/index.html: -8
[2016-06-04 21:51:10] EDIT GuiArtec/views/mapa/index.html: 0
[2016-06-04 21:52:13] EDIT GuiArtec/views/mapa/index.html: 0
[2016-06-04 21:52:41] EDIT GuiArtec/views/mapa/index.html: 1
[2016-06-04 21:53:15] EDIT GuiArtec/controllers/mapa.py: 0
[2016-06-04 21:53:21] EDIT GuiArtec/controllers/mapa.py: -1
[2016-06-04 21:53:41] EDIT GuiArtec/views/mapa/index.html: 0
[2016-06-04 21:53:51] EDIT GuiArtec/views/mapa/index.html: -1
[2016-06-04 21:54:11] EDIT GuiArtec/views/mapa/index.html: 1
[2016-06-04 22:00:30] EDIT GuiArtec/controllers/mapa.py: 0
[2016-06-05 16:21:42] EDIT GuiArtec/views/mapa/index.html: 14
[2016-06-05 16:22:28] EDIT GuiArtec/controllers/mapa.py: 0
[2016-06-05 16:24:43] EDIT GuiArtec/views/mapa/index.html: 15
[2016-06-05 16:28:12] EDIT GuiArtec/views/mapa/index.html: 0
[2016-06-05 16:34:16] EDIT GuiArtec/views/mapa/index.html: 13
[2016-06-05 16:36:46] EDIT GuiArtec/views/mapa/index.html: -15
[2016-06-05 16:37:19] EDIT GuiArtec/views/mapa/index.html: 0
[2016-06-05 16:43:28] EDIT GuiArtec/views/mapa/index.html: -13
[2016-06-05 16:50:15] EDIT GuiArtec/views/mapa/index.html: 14
[2016-06-05 16:51:09] EDIT GuiArtec/views/mapa/index.html: 0
[2016-06-05 16:56:17] EDIT GuiArtec/views/mapa/index.html: 32
[2016-06-05 16:58:18] EDIT GuiArtec/views/mapa/index.html: -10
[2016-06-05 17:00:08] EDIT GuiArtec/views/mapa/index.html: -9
[2016-06-05 17:02:56] EDIT GuiArtec/views/mapa/index.html: -9
[2016-06-05 17:03:17] EDIT GuiArtec/views/mapa/index.html: 0
[2016-06-05 17:04:23] EDIT GuiArtec/views/mapa/index.html: -14
[2016-06-05 17:04:27] EDIT GuiArtec/views/mapa/index.html: 0
[2016-06-05 17:06:49] EDIT GuiArtec/views/mapa/index.html: 13
[2016-06-05 17:07:19] EDIT GuiArtec/views/mapa/index.html: 0
[2016-06-06 08:48:23] EDIT GuiArtec/views/default/index.html: 0
[2016-06-06 08:53:42] EDIT GuiArtec/views/default/index.html: 1
[2016-06-06 08:54:13] EDIT GuiArtec/views/default/index.html: -1
[2016-06-06 08:54:21] EDIT GuiArtec/views/default/index.html: 0
[2016-06-06 08:56:00] EDIT GuiArtec/views/default/index.html: 3
[2016-06-06 09:09:45] EDIT GuiArtec/views/default/index.html: 22
[2016-06-06 09:13:40] EDIT GuiArtec/views/default/index.html: 0
[2016-06-06 09:14:29] EDIT GuiArtec/views/default/index.html: 0
[2016-06-06 09:31:37] EDIT GuiArtec/views/mapa/index.html: 1
[2016-06-06 09:31:42] EDIT GuiArtec/views/mapa/index.html: 0
[2016-06-06 09:32:59] EDIT GuiArtec/views/mapa/index.html: 1
[2016-06-06 09:33:48] EDIT GuiArtec/views/mapa/index.html: -2
[2016-06-06 09:34:44] EDIT GuiArtec/views/mapa/index.html: 0
[2016-06-06 09:35:15] EDIT GuiArtec/views/mapa/index.html: -3
[2016-06-06 09:50:02] EDIT GuiArtec/views/default/index.html: 0
[2016-06-06 09:53:29] EDIT GuiArtec/views/default/index.html: 0
[2016-06-06 09:56:09] EDIT GuiArtec/views/default/index.html: -1
[2016-06-06 09:56:39] EDIT GuiArtec/views/default/index.html: 1
[2016-06-06 09:57:10] EDIT GuiArtec/views/default/index.html: -1
[2016-06-06 10:35:12] EDIT GuiArtec/views/default/index.html: 0
[2016-06-06 10:37:39] EDIT GuiArtec/views/default/index.html: 0
[2016-06-06 10:42:03] EDIT GuiArtec/views/default/index.html: 0
[2016-06-06 10:42:23] EDIT GuiArtec/views/default/index.html: 0
[2016-06-06 10:47:26] EDIT GuiArtec/static/css/main.css: 0
[2016-06-06 10:47:57] EDIT GuiArtec/static/css/main.css: 0
[2016-06-06 10:49:42] EDIT GuiArtec/views/default/index.html: 1
[2016-06-06 10:51:24] EDIT GuiArtec/static/css/main.css: 0
[2016-06-06 10:51:42] EDIT GuiArtec/views/default/index.html: -1
[2016-06-06 10:51:43] EDIT GuiArtec/views/default/index.html: 0
[2016-06-06 10:52:38] EDIT GuiArtec/static/css/main.css: 0
[2016-06-06 10:53:01] EDIT GuiArtec/static/css/main.css: -3
[2016-06-06 10:55:24] EDIT GuiArtec/static/css/main.css: 0
[2016-06-06 10:59:33] EDIT GuiArtec/static/css/main.css: 1
[2016-06-06 11:13:16] EDIT GuiArtec/views/default/index.html: 0
[2016-06-06 11:14:54] EDIT GuiArtec/views/default/index.html: 3
[2016-06-06 11:16:09] EDIT GuiArtec/views/default/index.html: 2
[2016-06-06 11:16:46] EDIT GuiArtec/views/default/index.html: 0
[2016-06-06 11:26:21] EDIT GuiArtec/views/default/index.html: 0
[2016-06-06 11:28:53] EDIT GuiArtec/views/default/index.html: 0
[2016-06-06 11:29:22] EDIT GuiArtec/views/default/index.html: 0
[2016-06-06 11:30:01] EDIT GuiArtec/views/default/index.html: 0
[2016-06-06 11:31:29] EDIT GuiArtec/views/default/index.html: 0
[2016-06-06 11:31:48] EDIT GuiArtec/views/default/index.html: 0
[2016-06-06 11:32:38] EDIT GuiArtec/views/default/index.html: 0
[2016-06-06 11:34:24] EDIT GuiArtec/views/default/index.html: 0
[2016-06-06 11:37:09] EDIT GuiArtec/static/css/main.css: -1
[2016-06-06 11:39:16] EDIT GuiArtec/static/css/main.css: 4
[2016-06-06 11:39:24] EDIT GuiArtec/views/default/index.html: 0
[2016-06-06 11:40:50] EDIT GuiArtec/views/default/index.html: 0
[2016-06-06 11:41:20] EDIT GuiArtec/views/default/index.html: 0
[2016-06-06 11:41:35] EDIT GuiArtec/views/default/index.html: 0
[2016-06-07 09:27:09] EDIT GuiArtec/controllers/mapa.py: 1
[2016-06-07 09:28:44] EDIT GuiArtec/views/mapa/index.html: 12
[2016-06-07 09:28:48] EDIT GuiArtec/views/mapa/index.html: 0
[2016-06-07 09:28:54] EDIT GuiArtec/views/mapa/index.html: 0
[2016-06-07 09:29:35] EDIT GuiArtec/controllers/mapa.py: -1
[2016-06-07 09:29:45] EDIT GuiArtec/controllers/mapa.py: 0
[2016-06-07 09:34:51] EDIT GuiArtec/controllers/mapa.py: 1
[2016-06-07 09:35:02] EDIT GuiArtec/controllers/mapa.py: 1
[2016-06-07 09:35:23] EDIT GuiArtec/controllers/mapa.py: -1
[2016-06-07 09:36:58] EDIT GuiArtec/views/mapa/index.html: 0
[2016-06-07 09:37:21] EDIT GuiArtec/views/mapa/index.html: 0
[2016-06-07 09:40:51] EDIT GuiArtec/controllers/mapa.py: -1
[2016-06-07 09:40:57] EDIT GuiArtec/controllers/mapa.py: 2
[2016-06-07 09:41:00] EDIT GuiArtec/controllers/mapa.py: 0
[2016-06-07 09:41:30] EDIT GuiArtec/controllers/mapa.py: 0
[2016-06-07 09:41:50] EDIT GuiArtec/controllers/mapa.py: 0
[2016-06-07 09:42:29] EDIT GuiArtec/controllers/mapa.py: 1
[2016-06-07 09:42:34] EDIT GuiArtec/controllers/mapa.py: 0
[2016-06-07 09:43:19] EDIT GuiArtec/controllers/mapa.py: 0
[2016-06-07 09:43:31] EDIT GuiArtec/controllers/mapa.py: 0
[2016-06-07 09:43:42] EDIT GuiArtec/controllers/mapa.py: 0
[2016-06-07 09:43:53] EDIT GuiArtec/controllers/mapa.py: 0
[2016-06-07 09:44:25] EDIT GuiArtec/controllers/mapa.py: 0
[2016-06-07 09:48:09] EDIT GuiArtec/controllers/mapa.py: 0
[2016-06-07 09:55:55] EDIT GuiArtec/controllers/mapa.py: -3
[2016-06-07 09:55:57] EDIT GuiArtec/controllers/mapa.py: 0
[2016-06-07 09:56:17] EDIT GuiArtec/controllers/mapa.py: 3
[2016-06-07 09:56:36] EDIT GuiArtec/controllers/mapa.py: -3
[2016-06-07 09:57:35] EDIT GuiArtec/controllers/mapa.py: 0
[2016-06-07 09:57:44] EDIT GuiArtec/controllers/mapa.py: 0
[2016-06-07 09:57:50] EDIT GuiArtec/controllers/mapa.py: 0
[2016-06-07 09:58:12] EDIT GuiArtec/controllers/mapa.py: 0
[2016-06-07 09:58:22] EDIT GuiArtec/controllers/mapa.py: 0
[2016-06-07 09:59:15] EDIT GuiArtec/controllers/mapa.py: 0
[2016-06-07 09:59:33] EDIT GuiArtec/controllers/mapa.py: 0
[2016-06-07 09:59:53] EDIT GuiArtec/controllers/mapa.py: 0
[2016-06-07 10:00:15] EDIT GuiArtec/controllers/mapa.py: 0
[2016-06-07 10:01:30] EDIT GuiArtec/controllers/mapa.py: 0
[2016-06-07 10:01:55] EDIT GuiArtec/controllers/mapa.py: 0
[2016-06-07 10:06:07] EDIT GuiArtec/controllers/mapa.py: 0
[2016-06-07 10:07:25] EDIT GuiArtec/views/mapa/index.html: -9
[2016-06-07 10:08:17] EDIT GuiArtec/views/mapa/index.html: -1
[2016-06-07 10:08:56] EDIT GuiArtec/views/mapa/index.html: 0
[2016-06-07 10:12:13] EDIT GuiArtec/controllers/mapa.py: 0
[2016-06-07 10:12:57] EDIT GuiArtec/controllers/mapa.py: 0
[2016-06-07 10:13:39] EDIT GuiArtec/controllers/mapa.py: 0
[2016-06-07 10:14:12] EDIT GuiArtec/controllers/mapa.py: 0
[2016-06-07 10:14:38] EDIT GuiArtec/controllers/mapa.py: 0
[2016-06-07 10:14:49] EDIT GuiArtec/controllers/mapa.py: 0
[2016-06-07 10:15:31] EDIT GuiArtec/controllers/mapa.py: 0
[2016-06-07 10:15:35] EDIT GuiArtec/controllers/mapa.py: 0
[2016-06-07 10:18:09] EDIT GuiArtec/controllers/mapa.py: 0
[2016-06-07 10:19:00] EDIT GuiArtec/controllers/mapa.py: 0
[2016-06-07 10:19:33] EDIT GuiArtec/controllers/mapa.py: 0
[2016-06-07 10:20:21] EDIT GuiArtec/controllers/mapa.py: 0
[2016-06-07 10:20:34] EDIT GuiArtec/controllers/mapa.py: 0
[2016-06-07 10:21:38] EDIT GuiArtec/controllers/mapa.py: 0
[2016-06-07 10:21:45] EDIT GuiArtec/controllers/mapa.py: 0
[2016-06-07 10:26:03] EDIT GuiArtec/views/mapa/index.html: 0
[2016-06-07 10:26:09] EDIT GuiArtec/controllers/mapa.py: 0
[2016-06-07 10:28:45] EDIT GuiArtec/controllers/mapa.py: 0
[2016-06-07 10:28:56] EDIT GuiArtec/controllers/mapa.py: 0
[2016-06-07 10:34:25] EDIT GuiArtec/controllers/mapa.py: 0
[2016-06-07 10:34:41] EDIT GuiArtec/controllers/mapa.py: 0
[2016-06-07 10:40:15] EDIT GuiArtec/controllers/mapa.py: 0
[2016-06-07 10:40:44] EDIT GuiArtec/controllers/mapa.py: 0
[2016-06-07 10:40:52] EDIT GuiArtec/controllers/mapa.py: 0
[2016-06-07 10:43:39] EDIT GuiArtec/views/mapa/index.html: 3
[2016-06-07 10:43:51] EDIT GuiArtec/controllers/mapa.py: 0
[2016-06-07 10:43:53] EDIT GuiArtec/controllers/mapa.py: 0
[2016-06-07 10:44:27] EDIT GuiArtec/views/mapa/index.html: 0
[2016-06-07 10:45:13] EDIT GuiArtec/views/mapa/index.html: 0
[2016-06-07 10:45:30] EDIT GuiArtec/views/mapa/index.html: 0
[2016-06-07 10:45:50] EDIT GuiArtec/views/mapa/index.html: 0
[2016-06-07 10:45:56] EDIT GuiArtec/views/mapa/index.html: -1
[2016-06-07 10:46:28] EDIT GuiArtec/views/mapa/index.html: 1
[2016-06-07 10:48:59] EDIT GuiArtec/controllers/mapa.py: 0
[2016-06-07 10:49:02] EDIT GuiArtec/views/mapa/index.html: -3
[2016-06-07 11:06:16] EDIT GuiArtec/controllers/mapa.py: 2
[2016-06-07 11:06:22] EDIT GuiArtec/controllers/mapa.py: 0
[2016-06-07 11:37:38] EDIT GuiArtec/controllers/mapa.py: -2
[2016-06-07 13:18:03] EDIT GuiArtec/controllers/mapa.py: 0
[2016-06-07 13:18:19] EDIT GuiArtec/controllers/mapa.py: 0
[2016-06-07 13:22:12] EDIT GuiArtec/controllers/mapa.py: 0
[2016-06-07 18:44:19] EDIT GuiArtec/views/mapa/index.html: -2
[2016-06-07 18:44:21] EDIT GuiArtec/views/mapa/index.html: 0
[2016-06-07 18:44:40] EDIT GuiArtec/views/mapa/index.html: 0
[2016-06-07 18:44:47] EDIT GuiArtec/views/mapa/index.html: 0
[2016-06-07 18:45:54] EDIT GuiArtec/views/mapa/index.html: 0
[2016-06-07 18:47:56] EDIT GuiArtec/views/mapa/index.html: 0
[2016-06-07 18:54:31] EDIT GuiArtec/controllers/mapa.py: 0
[2016-06-07 18:56:10] EDIT GuiArtec/controllers/mapa.py: 0
[2016-06-07 18:57:18] EDIT GuiArtec/controllers/mapa.py: 4
[2016-06-07 18:57:23] EDIT GuiArtec/controllers/mapa.py: 0
[2016-06-07 18:57:30] EDIT GuiArtec/controllers/mapa.py: 0
[2016-06-07 18:57:34] EDIT GuiArtec/controllers/mapa.py: 0
[2016-06-07 19:04:30] EDIT GuiArtec/controllers/mapa.py: 0
[2016-06-07 19:04:32] EDIT GuiArtec/controllers/mapa.py: 0
[2016-06-07 19:05:16] EDIT GuiArtec/controllers/mapa.py: 0
[2016-06-07 19:05:26] EDIT GuiArtec/views/mapa/index.html: 0
[2016-06-07 19:09:55] EDIT GuiArtec/views/mapa/index.html: 0
[2016-06-07 19:10:40] EDIT GuiArtec/views/mapa/index.html: 0
[2016-06-07 19:12:34] EDIT GuiArtec/views/mapa/index.html: 0
[2016-06-07 19:13:28] EDIT GuiArtec/views/mapa/index.html: 0
[2016-06-07 19:14:38] EDIT GuiArtec/views/mapa/index.html: 0
[2016-06-07 19:14:47] EDIT GuiArtec/views/mapa/index.html: 0
[2016-06-07 19:14:52] EDIT GuiArtec/views/mapa/index.html: 0
[2016-06-07 19:15:03] EDIT GuiArtec/views/mapa/index.html: 0
[2016-06-07 19:15:17] EDIT GuiArtec/views/mapa/index.html: 0
[2016-06-07 19:15:25] EDIT GuiArtec/views/mapa/index.html: 0
[2016-06-07 19:17:25] EDIT GuiArtec/views/mapa/index.html: 0
[2016-06-07 19:17:30] EDIT GuiArtec/views/mapa/index.html: 0
[2016-06-07 19:17:55] EDIT GuiArtec/views/mapa/index.html: 0
[2016-06-07 19:18:20] EDIT GuiArtec/views/mapa/index.html: 0
[2016-06-07 19:18:32] EDIT GuiArtec/views/mapa/index.html: 0
[2016-06-07 19:18:51] EDIT GuiArtec/views/mapa/index.html: 0
[2016-06-07 19:19:58] EDIT GuiArtec/views/mapa/index.html: 0
[2016-06-07 19:20:09] EDIT GuiArtec/controllers/mapa.py: 6
[2016-06-07 19:20:43] EDIT GuiArtec/controllers/mapa.py: -6
[2016-06-07 19:21:14] EDIT GuiArtec/views/mapa/index.html: 0
[2016-06-07 19:21:48] EDIT GuiArtec/views/mapa/index.html: 0
[2016-06-07 19:22:07] EDIT GuiArtec/views/mapa/index.html: 0
[2016-06-07 19:26:46] EDIT GuiArtec/models/db.py: 0
[2016-06-07 19:27:29] EDIT GuiArtec/models/db.py: 0
[2016-06-07 19:27:35] EDIT GuiArtec/models/db.py: 0
[2016-06-07 19:27:54] EDIT GuiArtec/models/db.py: 0
[2016-06-07 19:28:14] EDIT GuiArtec/views/mapa/index.html: 0
[2016-06-07 19:28:41] EDIT GuiArtec/views/mapa/index.html: 0
[2016-06-07 19:29:33] EDIT GuiArtec/views/mapa/index.html: 0
[2016-06-07 19:30:01] EDIT GuiArtec/views/mapa/index.html: 0
[2016-06-07 19:31:20] EDIT GuiArtec/views/mapa/index.html: 12
[2016-06-07 19:32:10] EDIT GuiArtec/views/mapa/index.html: 1
[2016-06-07 19:32:42] EDIT GuiArtec/controllers/mapa.py: 0
[2016-06-07 19:35:20] EDIT GuiArtec/controllers/mapa.py: 0
[2016-06-07 19:43:02] EDIT GuiArtec/controllers/mapa.py: 1
[2016-06-07 19:43:31] EDIT GuiArtec/controllers/mapa.py: -1
[2016-06-07 19:43:59] EDIT GuiArtec/controllers/mapa.py: 0
[2016-06-07 19:49:31] EDIT GuiArtec/models/db.py: 4
[2016-06-07 19:50:42] EDIT GuiArtec/controllers/mapa.py: 0
[2016-06-07 19:54:05] EDIT GuiArtec/models/db.py: 0
[2016-06-07 19:59:32] EDIT GuiArtec/controllers/mapa.py: -4
[2016-06-07 19:59:39] EDIT GuiArtec/controllers/mapa.py: 0
[2016-06-07 19:59:48] EDIT GuiArtec/controllers/mapa.py: 0
[2016-06-07 19:59:55] EDIT GuiArtec/controllers/mapa.py: 0
[2016-06-07 20:02:47] EDIT GuiArtec/controllers/mapa.py: 0
[2016-06-07 20:14:42] EDIT GuiArtec/controllers/mapa.py: 1
[2016-06-07 20:14:51] EDIT GuiArtec/controllers/mapa.py: 0
[2016-06-07 20:14:59] EDIT GuiArtec/controllers/mapa.py: 0
[2016-06-07 20:17:58] EDIT GuiArtec/views/mapa/index.html: -1
[2016-06-07 20:18:10] EDIT GuiArtec/views/mapa/index.html: 1
[2016-06-07 20:21:14] EDIT GuiArtec/controllers/mapa.py: 0
[2016-06-07 20:22:21] EDIT GuiArtec/controllers/mapa.py: 0
[2016-06-07 20:31:48] EDIT GuiArtec/controllers/mapa.py: 0
[2016-06-07 20:33:24] EDIT GuiArtec/views/mapa/index.html: 2
[2016-06-07 20:33:43] EDIT GuiArtec/views/mapa/index.html: 0
[2016-06-07 20:35:11] EDIT GuiArtec/views/mapa/index.html: -1
[2016-06-07 20:36:10] EDIT GuiArtec/controllers/mapa.py: 0
[2016-06-07 20:36:15] EDIT GuiArtec/views/mapa/index.html: 0
[2016-06-08 08:55:10] EDIT GuiArtec/controllers/mapa.py: 0
[2016-06-08 08:55:36] EDIT GuiArtec/controllers/mapa.py: -1
[2016-06-08 08:55:50] EDIT GuiArtec/controllers/mapa.py: 1
[2016-06-08 09:14:07] EDIT GuiArtec/controllers/mapa.py: 1
[2016-06-08 09:14:21] EDIT GuiArtec/controllers/mapa.py: 0
[2016-06-08 09:14:28] EDIT GuiArtec/controllers/mapa.py: 0
[2016-06-08 09:14:50] EDIT GuiArtec/controllers/mapa.py: 0
[2016-06-08 09:14:55] EDIT GuiArtec/controllers/mapa.py: 0
[2016-06-08 09:15:36] EDIT GuiArtec/controllers/mapa.py: -1
[2016-06-08 09:17:12] EDIT GuiArtec/controllers/mapa.py: 0
[2016-06-08 09:19:22] EDIT GuiArtec/controllers/mapa.py: 0
[2016-06-08 09:19:25] EDIT GuiArtec/controllers/mapa.py: 0
[2016-06-08 09:20:02] EDIT GuiArtec/controllers/mapa.py: 0
[2016-06-08 09:21:15] EDIT GuiArtec/controllers/mapa.py: 0
[2016-06-08 09:22:57] EDIT GuiArtec/controllers/mapa.py: 0
[2016-06-08 09:25:42] EDIT GuiArtec/models/db.py: 0
[2016-06-08 09:25:59] EDIT GuiArtec/models/db.py: 0
[2016-06-08 09:26:08] EDIT GuiArtec/controllers/mapa.py: 0
[2016-06-08 09:26:15] EDIT GuiArtec/controllers/mapa.py: 0
[2016-06-08 09:28:27] EDIT GuiArtec/models/db.py: 0
[2016-06-08 09:28:58] EDIT GuiArtec/controllers/mapa.py: 0
[2016-06-08 09:29:49] EDIT GuiArtec/models/db.py: 0
[2016-06-08 09:30:10] EDIT GuiArtec/controllers/mapa.py: 0
[2016-06-08 09:35:58] EDIT GuiArtec/models/db.py: 0
[2016-06-08 09:37:24] EDIT GuiArtec/models/db.py: 17
[2016-06-08 09:37:38] EDIT GuiArtec/models/db.py: 0
[2016-06-08 09:37:44] EDIT GuiArtec/models/db.py: 0
[2016-06-08 09:38:34] EDIT GuiArtec/models/db.py: 0
[2016-06-08 09:38:40] EDIT GuiArtec/models/db.py: 0
[2016-06-08 09:38:48] EDIT GuiArtec/models/db.py: 0
[2016-06-08 09:39:00] EDIT GuiArtec/models/db.py: 0
[2016-06-08 09:39:07] EDIT GuiArtec/models/db.py: 0
[2016-06-08 09:39:22] EDIT GuiArtec/models/db.py: 0
[2016-06-08 09:40:37] EDIT GuiArtec/models/db.py: 1
[2016-06-08 09:40:40] EDIT GuiArtec/models/db.py: 0
[2016-06-08 09:40:46] EDIT GuiArtec/models/db.py: 0
[2016-06-08 09:40:56] EDIT GuiArtec/models/db.py: 0
[2016-06-08 09:40:59] EDIT GuiArtec/models/db.py: 0
[2016-06-08 09:42:39] EDIT GuiArtec/controllers/mapa.py: 0
[2016-06-08 09:44:31] EDIT GuiArtec/models/db.py: 0
[2016-06-08 09:46:46] EDIT GuiArtec/models/db.py: 0
[2016-06-08 09:52:46] EDIT GuiArtec/views/mapa/index.html: 0
[2016-06-08 10:07:38] EDIT GuiArtec/models/db.py: 1
[2016-06-08 10:08:07] EDIT GuiArtec/models/db.py: 0
[2016-06-08 10:28:22] EDIT GuiArtec/models/db.py: 0
[2016-06-08 10:28:51] EDIT GuiArtec/controllers/mapa.py: 0
[2016-06-08 10:42:21] EDIT GuiArtec/models/db.py: 0
[2016-06-08 10:44:42] EDIT GuiArtec/models/db.py: 0
[2016-06-08 10:44:51] EDIT GuiArtec/controllers/mapa.py: 0
[2016-06-08 10:44:55] EDIT GuiArtec/models/db.py: -5
[2016-06-08 10:45:19] EDIT GuiArtec/models/db.py: 5
[2016-06-08 10:45:31] EDIT GuiArtec/models/db.py: 1
[2016-06-08 10:45:37] EDIT GuiArtec/models/db.py: -1
[2016-06-08 10:46:07] EDIT GuiArtec/controllers/mapa.py: 0
[2016-06-08 10:47:00] EDIT GuiArtec/controllers/mapa.py: 0
[2016-06-08 10:48:50] EDIT GuiArtec/views/mapa/index.html: 0
[2016-06-08 11:08:48] EDIT GuiArtec/models/db.py: 0
[2016-06-08 11:09:15] EDIT GuiArtec/models/db.py: 0
[2016-06-08 11:16:31] EDIT GuiArtec/models/db.py: 0
[2016-06-08 11:17:55] EDIT GuiArtec/models/db.py: 0
[2016-06-08 11:18:59] EDIT GuiArtec/views/mapa/index.html: 0
[2016-06-08 11:19:11] EDIT GuiArtec/controllers/mapa.py: 0
[2016-06-08 11:20:45] EDIT GuiArtec/views/mapa/index.html: 0
[2016-06-08 11:26:19] EDIT GuiArtec/views/mapa/index.html: 0
[2016-06-08 11:26:34] EDIT GuiArtec/views/mapa/index.html: 0
[2016-06-08 11:28:04] EDIT GuiArtec/views/mapa/index.html: 0
[2016-06-08 11:31:16] EDIT GuiArtec/views/mapa/index.html: 0
[2016-06-08 11:34:26] EDIT GuiArtec/controllers/mapa.py: 0
[2016-06-08 11:35:30] EDIT GuiArtec/views/mapa/index.html: -1
[2016-06-08 11:36:31] EDIT GuiArtec/views/mapa/index.html: -13
[2016-06-08 11:37:16] EDIT GuiArtec/controllers/mapa.py: 0
[2016-06-08 11:37:43] EDIT GuiArtec/models/db.py: 0
[2016-06-08 11:38:40] EDIT GuiArtec/controllers/mapa.py: 0
[2016-06-08 11:39:58] EDIT GuiArtec/views/mapa/index.html: 0
[2016-06-08 11:40:27] EDIT GuiArtec/views/mapa/index.html: -9
[2016-06-08 11:42:13] EDIT GuiArtec/controllers/mapa.py: 0
[2016-06-08 11:43:08] EDIT GuiArtec/controllers/mapa.py: -2
[2016-06-08 11:43:40] EDIT GuiArtec/views/mapa/index.html: 0
[2016-06-08 11:43:47] EDIT GuiArtec/views/mapa/index.html: 0
[2016-06-08 11:44:02] EDIT GuiArtec/views/mapa/index.html: 0
[2016-06-08 11:44:07] EDIT GuiArtec/views/mapa/index.html: 0
[2016-06-08 11:44:14] EDIT GuiArtec/views/mapa/index.html: 0
[2016-06-08 11:44:40] EDIT GuiArtec/views/mapa/index.html: 0
[2016-06-08 11:45:50] EDIT GuiArtec/controllers/mapa.py: 2
[2016-06-08 11:46:17] EDIT GuiArtec/controllers/mapa.py: 0
[2016-06-08 11:46:39] EDIT GuiArtec/controllers/mapa.py: 0
[2016-06-08 11:47:12] EDIT GuiArtec/controllers/mapa.py: 0
[2016-06-08 11:47:53] EDIT GuiArtec/views/mapa/index.html: 0
[2016-06-08 11:47:59] EDIT GuiArtec/controllers/mapa.py: 0
[2016-06-08 11:48:27] EDIT GuiArtec/controllers/mapa.py: 0
[2016-06-08 11:49:03] EDIT GuiArtec/controllers/mapa.py: 0
[2016-06-08 11:49:24] EDIT GuiArtec/controllers/mapa.py: 0
[2016-06-08 11:50:34] EDIT GuiArtec/controllers/mapa.py: 0
[2016-06-08 11:50:53] EDIT GuiArtec/controllers/mapa.py: 0
[2016-06-08 11:51:05] EDIT GuiArtec/controllers/mapa.py: 0
[2016-06-08 11:51:41] EDIT GuiArtec/controllers/mapa.py: 0
[2016-06-08 11:52:01] EDIT GuiArtec/controllers/mapa.py: 0
[2016-06-08 11:52:15] EDIT GuiArtec/views/mapa/index.html: 0
[2016-06-08 11:52:18] EDIT GuiArtec/models/db.py: 0
[2016-06-08 11:54:45] EDIT GuiArtec/views/mapa/index.html: 0
[2016-06-08 12:10:13] EDIT GuiArtec/views/mapa/index.html: 0
[2016-06-08 12:11:05] EDIT GuiArtec/views/mapa/index.html: 0
[2016-06-08 12:11:09] EDIT GuiArtec/views/mapa/index.html: 0
[2016-06-08 12:12:00] EDIT GuiArtec/views/mapa/index.html: 0
[2016-06-08 12:13:52] EDIT GuiArtec/views/mapa/index.html: 0
[2016-06-08 12:15:57] EDIT GuiArtec/views/mapa/index.html: 0
[2016-06-08 12:17:42] EDIT GuiArtec/views/mapa/index.html: 12
[2016-06-08 12:18:24] EDIT GuiArtec/views/mapa/index.html: 0
[2016-06-08 12:19:18] EDIT GuiArtec/views/mapa/index.html: 0
[2016-06-08 12:25:07] EDIT GuiArtec/views/mapa/index.html: 12
[2016-06-08 12:27:59] EDIT GuiArtec/views/mapa/index.html: 0
[2016-06-08 12:29:21] EDIT GuiArtec/views/mapa/index.html: 0
[2016-06-08 12:29:40] EDIT GuiArtec/views/mapa/index.html: -24
[2016-06-08 12:32:58] EDIT GuiArtec/views/mapa/index.html: 12
[2016-06-08 12:36:16] EDIT GuiArtec/views/mapa/index.html: 0
[2016-06-08 12:38:01] EDIT GuiArtec/views/mapa/index.html: 0
[2016-06-08 12:39:23] EDIT GuiArtec/views/mapa/index.html: 12
[2016-06-08 12:41:03] EDIT GuiArtec/views/mapa/index.html: 0
[2016-06-08 12:41:25] EDIT GuiArtec/views/mapa/index.html: 0
[2016-06-08 12:43:38] EDIT GuiArtec/views/mapa/index.html: 12
[2016-06-08 12:43:40] EDIT GuiArtec/views/mapa/index.html: 0
[2016-06-08 12:46:03] EDIT GuiArtec/views/mapa/index.html: 13
[2016-06-08 12:46:06] EDIT GuiArtec/views/mapa/index.html: -1
[2016-06-08 12:46:11] EDIT GuiArtec/views/mapa/index.html: 0
[2016-06-08 12:46:22] EDIT GuiArtec/views/mapa/index.html: 0
[2016-06-08 12:47:53] EDIT GuiArtec/views/mapa/index.html: -36
[2016-06-08 12:48:44] EDIT GuiArtec/views/mapa/index.html: 12
[2016-06-08 12:49:06] EDIT GuiArtec/views/mapa/index.html: 0
[2016-06-08 12:50:00] EDIT GuiArtec/views/mapa/index.html: -12
[2016-06-08 12:51:42] EDIT GuiArtec/views/mapa/index.html: 0
[2016-06-08 12:52:07] EDIT GuiArtec/views/mapa/index.html: 0
[2016-06-08 12:53:40] EDIT GuiArtec/views/mapa/index.html: 12
[2016-06-08 12:55:55] EDIT GuiArtec/views/mapa/index.html: 13
[2016-06-08 12:57:09] EDIT GuiArtec/views/mapa/index.html: 0
[2016-06-08 12:58:19] EDIT GuiArtec/views/mapa/index.html: 0
[2016-06-08 12:59:11] EDIT GuiArtec/views/mapa/index.html: 0
[2016-06-08 13:00:47] EDIT GuiArtec/views/mapa/index.html: -13
[2016-06-08 13:02:37] EDIT GuiArtec/views/mapa/index.html: 13
[2016-06-08 13:04:18] EDIT GuiArtec/views/mapa/index.html: 12
[2016-06-08 13:06:37] EDIT GuiArtec/views/mapa/index.html: 12
[2016-06-08 13:06:50] EDIT GuiArtec/views/mapa/index.html: 0
[2016-06-08 13:07:14] EDIT GuiArtec/views/mapa/index.html: 1
[2016-06-08 13:08:02] EDIT GuiArtec/views/mapa/index.html: 0
[2016-06-08 13:08:12] EDIT GuiArtec/views/mapa/index.html: 0
[2016-06-08 13:08:59] EDIT GuiArtec/views/mapa/index.html: 11
[2016-06-08 13:10:04] EDIT GuiArtec/views/mapa/index.html: 0
[2016-06-08 13:12:46] EDIT GuiArtec/views/mapa/index.html: -1
[2016-06-08 13:12:58] EDIT GuiArtec/views/mapa/index.html: 0
[2016-06-08 14:54:03] EDIT GuiArtec/controllers/mapa.py: 0
[2016-06-08 14:55:24] EDIT GuiArtec/views/mapa/index.html: 13
[2016-06-08 14:56:22] EDIT GuiArtec/views/mapa/index.html: -13
[2016-06-08 15:00:52] EDIT GuiArtec/views/default/index.html: 16
[2016-06-08 15:06:04] EDIT GuiArtec/views/default/index.html: 0
[2016-06-08 15:09:12] EDIT GuiArtec/views/default/index.html: 0
[2016-06-08 15:10:55] EDIT GuiArtec/views/default/index.html: 0
[2016-06-08 15:11:24] EDIT GuiArtec/views/default/index.html: 0
[2016-06-08 15:17:20] EDIT GuiArtec/views/default/index.html: -17
[2016-06-08 15:18:45] EDIT GuiArtec/views/default/index.html: 0
[2016-06-08 15:25:21] DELETE GuiArtec/views/default/index.html.1: -48
[2016-06-08 15:25:50] EDIT GuiArtec/views/default/index.html: 18
[2016-06-08 15:26:38] EDIT GuiArtec/views/default/index.html: 0
[2016-06-08 15:27:14] EDIT GuiArtec/views/default/index.html: 0
[2016-06-08 15:28:37] EDIT GuiArtec/views/default/index.html: 0
[2016-06-08 15:32:05] EDIT GuiArtec/views/default/index.html: 0
[2016-06-08 15:32:20] EDIT GuiArtec/views/default/index.html: 0
[2016-06-08 15:32:44] EDIT GuiArtec/views/default/index.html: -1
[2016-06-08 15:33:09] EDIT GuiArtec/views/default/index.html: 1
[2016-06-08 15:38:47] EDIT GuiArtec/views/default/index.html: 0
[2016-06-08 15:45:10] EDIT GuiArtec/views/default/index.html: 0
[2016-06-08 15:45:28] EDIT GuiArtec/views/default/index.html: 0
[2016-06-08 15:45:49] EDIT GuiArtec/views/default/index.html: 0
[2016-06-08 15:47:13] EDIT GuiArtec/views/default/index.html: 0
[2016-06-08 15:47:26] EDIT GuiArtec/views/default/index.html: 0
[2016-06-08 15:47:32] EDIT GuiArtec/views/default/index.html: 0
[2016-06-08 15:47:56] EDIT GuiArtec/views/default/index.html: 0
[2016-06-08 15:48:30] EDIT GuiArtec/views/default/index.html: -1
[2016-06-08 15:49:01] EDIT GuiArtec/views/default/index.html: 0
[2016-06-08 15:50:10] EDIT GuiArtec/views/default/index.html: 0
[2016-06-08 15:59:26] EDIT GuiArtec/views/default/index.html: 0
[2016-06-08 15:59:39] EDIT GuiArtec/views/default/index.html: 0
[2016-06-08 16:00:07] EDIT GuiArtec/views/default/index.html: 0
[2016-06-08 16:00:44] EDIT GuiArtec/views/default/index.html: 0
[2016-06-08 16:02:14] EDIT GuiArtec/views/default/index.html: 0
[2016-06-08 16:02:42] EDIT GuiArtec/views/default/index.html: 0
[2016-06-08 16:04:18] EDIT GuiArtec/views/default/index.html: 0
[2016-06-08 16:04:47] EDIT GuiArtec/views/default/index.html: 0
[2016-06-08 16:12:08] EDIT GuiArtec/views/mapa/index.html: 68
[2016-06-08 16:15:08] EDIT GuiArtec/models/menu.py: 1
[2016-06-08 16:15:12] EDIT GuiArtec/models/menu.py: 0
[2016-06-08 16:15:56] EDIT GuiArtec/models/menu.py: -1
[2016-06-08 16:16:18] EDIT GuiArtec/models/menu.py: 0
[2016-06-08 16:16:39] EDIT GuiArtec/models/menu.py: 0
[2016-06-08 16:18:48] EDIT GuiArtec/models/menu.py: -3
[2016-06-08 16:19:24] EDIT GuiArtec/models/menu.py: 3
[2016-06-08 16:19:26] EDIT GuiArtec/views/mapa/index.html: 0
[2016-06-08 16:20:02] EDIT GuiArtec/models/menu.py: 0
[2016-06-08 16:20:20] EDIT GuiArtec/models/menu.py: 0
[2016-06-08 16:21:07] EDIT GuiArtec/models/menu.py: 0
[2016-06-08 16:22:35] EDIT GuiArtec/models/menu.py: -8
[2016-06-08 16:22:49] EDIT GuiArtec/models/menu.py: 8
[2016-06-08 16:25:19] EDIT GuiArtec/views/mapa/index.html: 0
[2016-06-08 16:25:24] EDIT GuiArtec/views/mapa/index.html: 0
[2016-06-08 16:27:40] EDIT GuiArtec/controllers/mapa.py: 0
[2016-06-08 16:27:46] EDIT GuiArtec/controllers/mapa.py: 0
[2016-06-08 16:30:05] EDIT GuiArtec/views/mapa/index.html: 15
[2016-06-08 16:30:11] EDIT GuiArtec/views/mapa/index.html: 0
[2016-06-08 16:30:39] EDIT GuiArtec/views/mapa/index.html: 0
[2016-06-08 16:31:36] EDIT GuiArtec/views/mapa/index.html: 0
[2016-06-08 16:31:50] EDIT GuiArtec/views/mapa/index.html: 0
[2016-06-08 16:32:12] EDIT GuiArtec/views/mapa/index.html: -15
[2016-06-08 16:32:31] EDIT GuiArtec/views/mapa/index.html: 0
[2016-06-08 16:33:50] EDIT GuiArtec/views/mapa/index.html: 0
[2016-06-08 16:34:09] EDIT GuiArtec/views/mapa/index.html: 0
[2016-06-08 16:37:52] EDIT GuiArtec/views/mapa/index.html: 0
[2016-06-08 16:40:27] EDIT GuiArtec/views/default/index.html: 0
[2016-06-08 16:43:02] EDIT GuiArtec/views/mapa/index.html: 1
[2016-06-08 16:43:30] EDIT GuiArtec/views/mapa/index.html: 0
[2016-06-08 17:28:18] EDIT GuiArtec/views/mapa/index.html: 0
[2016-06-08 17:28:37] EDIT GuiArtec/views/mapa/index.html: 0
[2016-06-08 17:28:43] EDIT GuiArtec/views/mapa/index.html: 0
[2016-06-09 09:41:37] EDIT GuiArtec/views/mapa/index.html: 12
[2016-06-09 09:41:41] EDIT GuiArtec/views/mapa/index.html: 0
[2016-06-09 09:41:59] EDIT GuiArtec/views/mapa/index.html: 1
[2016-06-09 10:35:33] EDIT GuiArtec/views/mapa/index.html: -11
[2016-06-09 10:36:24] EDIT GuiArtec/views/mapa/index.html: 0
[2016-06-09 10:36:46] EDIT GuiArtec/views/mapa/index.html: 0
[2016-06-09 10:37:52] EDIT GuiArtec/views/mapa/index.html: 0
[2016-06-09 10:38:42] EDIT GuiArtec/views/mapa/index.html: 0
[2016-06-09 10:38:53] EDIT GuiArtec/views/mapa/index.html: 0
[2016-06-09 10:39:12] EDIT GuiArtec/views/mapa/index.html: 0
[2016-06-09 10:39:15] EDIT GuiArtec/views/mapa/index.html: 0
[2016-06-09 10:39:28] EDIT GuiArtec/views/mapa/index.html: 0
[2016-06-09 10:39:38] EDIT GuiArtec/views/mapa/index.html: 0
[2016-06-09 10:41:47] EDIT GuiArtec/views/mapa/index.html: 0
[2016-06-09 10:42:02] EDIT GuiArtec/views/mapa/index.html: 0
[2016-06-09 10:42:20] EDIT GuiArtec/views/mapa/index.html: 0
[2016-06-09 10:42:41] EDIT GuiArtec/views/mapa/index.html: 0
[2016-06-09 10:42:57] EDIT GuiArtec/views/mapa/index.html: 0
[2016-06-09 10:47:27] EDIT GuiArtec/views/mapa/index.html: 0
[2016-06-09 11:36:25] EDIT GuiArtec/views/mapa/index.html: 0
[2016-06-09 11:37:05] EDIT GuiArtec/views/mapa/index.html: 0
[2016-06-09 11:38:45] EDIT GuiArtec/views/mapa/index.html: 0
[2016-06-09 11:38:49] EDIT GuiArtec/views/mapa/index.html: -1
[2016-06-09 11:40:25] EDIT GuiArtec/views/mapa/index.html: 1
[2016-06-09 11:44:30] EDIT GuiArtec/views/mapa/index.html: 0
[2016-06-09 12:03:33] EDIT GuiArtec/views/mapa/index.html: 0
[2016-06-09 12:08:24] EDIT GuiArtec/views/mapa/index.html: 0
[2016-06-09 12:10:20] EDIT GuiArtec/views/mapa/index.html: 0
[2016-06-09 12:13:28] EDIT GuiArtec/views/mapa/index.html: 1
[2016-06-09 12:13:59] EDIT GuiArtec/views/mapa/index.html: 0
[2016-06-09 12:14:33] EDIT GuiArtec/views/mapa/index.html: 0
[2016-06-09 12:15:10] EDIT GuiArtec/views/mapa/index.html: -1
[2016-06-09 12:15:45] EDIT GuiArtec/views/mapa/index.html: 0
[2016-06-09 12:36:20] EDIT GuiArtec/views/mapa/index.html: 1
[2016-06-09 12:36:37] EDIT GuiArtec/views/mapa/index.html: 0
[2016-06-09 12:37:12] EDIT GuiArtec/views/mapa/index.html: 0
[2016-06-09 12:37:29] EDIT GuiArtec/views/mapa/index.html: -1
[2016-06-09 12:37:47] EDIT GuiArtec/views/mapa/index.html: 0
[2016-06-09 12:37:58] EDIT GuiArtec/views/mapa/index.html: 0
[2016-06-09 12:39:53] EDIT GuiArtec/views/mapa/index.html: 13
[2016-06-09 12:40:08] EDIT GuiArtec/views/mapa/index.html: -13
[2016-06-09 12:40:17] EDIT GuiArtec/views/mapa/index.html: 0
[2016-06-09 12:40:31] EDIT GuiArtec/views/mapa/index.html: 0
[2016-06-09 12:41:50] DELETE GuiArtec/views/mapa/index.html.1: -201
[2016-06-09 12:42:06] EDIT GuiArtec/views/mapa/index.html: 0
[2016-06-09 12:43:04] EDIT GuiArtec/views/mapa/index.html: -1
[2016-06-09 12:43:16] EDIT GuiArtec/views/mapa/index.html: 0
[2016-06-09 12:44:34] EDIT GuiArtec/views/mapa/index.html: -2
[2016-06-09 12:47:57] EDIT GuiArtec/views/mapa/index.html: 1
[2016-06-09 13:07:27] EDIT GuiArtec/views/mapa/index.html: 0
[2016-06-09 13:08:19] EDIT GuiArtec/views/mapa/index.html: 6
[2016-06-09 13:08:31] EDIT GuiArtec/views/mapa/index.html: 0
[2016-06-09 13:09:28] EDIT GuiArtec/views/mapa/index.html: 0
[2016-06-09 13:10:58] EDIT GuiArtec/views/mapa/index.html: 0
[2016-06-09 13:17:04] EDIT GuiArtec/views/mapa/index.html: -6
[2016-06-09 13:19:28] EDIT GuiArtec/views/mapa/index.html: 0
[2016-06-09 13:31:28] EDIT GuiArtec/views/mapa/index.html: 0
[2016-06-09 13:32:02] EDIT GuiArtec/views/mapa/index.html: 0
[2016-06-09 13:32:34] EDIT GuiArtec/views/mapa/index.html: 0
[2016-06-09 13:36:05] EDIT GuiArtec/views/mapa/index.html: 0
[2016-06-09 13:36:10] EDIT GuiArtec/views/mapa/index.html: 0
[2016-06-09 13:36:39] EDIT GuiArtec/views/mapa/index.html: 0
[2016-06-09 13:38:04] EDIT GuiArtec/views/mapa/index.html: 0
[2016-06-09 13:38:55] EDIT GuiArtec/views/mapa/index.html: 0
[2016-06-09 13:39:17] EDIT GuiArtec/views/mapa/index.html: 0
[2016-06-09 13:39:30] EDIT GuiArtec/views/mapa/index.html: 0
[2016-06-09 13:39:48] EDIT GuiArtec/views/mapa/index.html: 0
[2016-06-09 13:39:59] EDIT GuiArtec/views/mapa/index.html: 0
[2016-06-09 13:40:25] EDIT GuiArtec/views/mapa/index.html: 0
[2016-06-09 13:40:42] EDIT GuiArtec/views/mapa/index.html: 0
[2016-06-09 13:40:55] EDIT GuiArtec/views/mapa/index.html: 0
[2016-06-09 13:40:59] EDIT GuiArtec/views/mapa/index.html: 0
[2016-06-09 13:41:14] EDIT GuiArtec/views/mapa/index.html: 0
[2016-06-09 13:41:36] EDIT GuiArtec/views/mapa/index.html: 0
[2016-06-09 13:43:32] EDIT GuiArtec/views/mapa/index.html: 0
[2016-06-09 14:54:43] EDIT GuiArtec/views/default/index.html: 0
[2016-06-09 14:54:56] EDIT GuiArtec/views/default/index.html: 0
[2016-06-09 14:58:31] EDIT GuiArtec/views/default/index.html: 0
[2016-06-09 15:00:13] EDIT GuiArtec/views/default/index.html: 0
[2016-06-09 15:00:27] EDIT GuiArtec/views/default/index.html: 0
[2016-06-09 15:03:49] EDIT GuiArtec/views/mapa/index.html: -17
[2016-06-09 15:06:39] EDIT GuiArtec/views/mapa/index.html: 43
[2016-06-09 15:06:55] EDIT GuiArtec/views/mapa/index.html: 0
[2016-06-09 15:08:14] EDIT GuiArtec/views/mapa/index.html: 0
[2016-06-09 15:09:49] EDIT GuiArtec/views/mapa/index.html: -4
[2016-06-09 15:49:41] EDIT GuiArtec/views/mapa/index.html: 0
[2016-06-09 15:52:09] EDIT GuiArtec/views/mapa/index.html: 0
[2016-06-09 16:00:13] EDIT GuiArtec/views/mapa/index.html: -3
[2016-06-09 16:01:24] EDIT GuiArtec/views/mapa/index.html: 14
[2016-06-09 16:04:26] EDIT GuiArtec/views/mapa/index.html: 1
[2016-06-09 16:04:54] EDIT GuiArtec/views/mapa/index.html: 0
[2016-06-09 16:07:11] EDIT GuiArtec/views/mapa/index.html: -2
[2016-06-09 16:10:48] EDIT GuiArtec/views/mapa/index.html: 269
[2016-06-09 16:19:51] EDIT GuiArtec/views/mapa/index.html: -81
[2016-06-09 16:22:15] EDIT GuiArtec/views/mapa/index.html: -14
[2016-06-09 16:25:18] EDIT GuiArtec/views/mapa/index.html: 2
[2016-06-09 16:32:27] EDIT GuiArtec/views/mapa/index.html: -32
[2016-06-09 16:37:14] EDIT GuiArtec/views/mapa/index.html: 125
[2016-06-09 17:22:58] DELETE GuiArtec/views/mapa/index.html.1: 0
[2016-06-09 17:24:00] EDIT GuiArtec/views/mapa/index.html: -318
[2016-06-09 17:24:36] EDIT GuiArtec/views/mapa/index.html: -6
[2016-06-09 17:26:15] EDIT GuiArtec/views/mapa/index.html: -127
[2016-06-09 17:26:54] EDIT GuiArtec/views/mapa/index.html: 232
[2016-06-09 17:27:16] EDIT GuiArtec/views/mapa/index.html: -1
[2016-06-09 17:28:40] EDIT GuiArtec/controllers/mapa.py: 2
[2016-06-09 17:29:07] CREATE mapa/mapaInt.html: 0
[2016-06-09 17:29:57] EDIT GuiArtec/controllers/mapa.py: 0
[2016-06-09 17:30:52] EDIT GuiArtec/views/mapa/mapaInt.html: 128
[2016-06-09 17:32:17] EDIT GuiArtec/controllers/mapa.py: 0
[2016-06-09 17:33:44] EDIT GuiArtec/views/mapa/mapaInt.html: -2
[2016-06-09 17:33:56] EDIT GuiArtec/views/mapa/mapaInt.html: 0
[2016-06-09 17:36:23] EDIT GuiArtec/controllers/mapa.py: -2
[2016-06-09 17:37:35] EDIT GuiArtec/controllers/mapa.py: 0
[2016-06-09 17:38:38] EDIT GuiArtec/controllers/mapa.py: 2
[2016-06-09 17:43:06] CREATE sendero.py: 0
[2016-06-09 17:43:57] EDIT GuiArtec/controllers/mapa.py: -2
[2016-06-09 17:44:55] CREATE sendero/index.html: 0
[2016-06-09 17:45:39] EDIT GuiArtec/views/sendero/index.html: 227
[2016-06-09 17:46:49] EDIT GuiArtec/views/mapa/index.html: -103
[2016-06-09 17:47:33] DELETE GuiArtec/views/mapa/mapaInt.html: -129
[2016-06-09 17:49:16] EDIT GuiArtec/views/mapa/index.html: 1
[2016-06-09 17:50:13] EDIT GuiArtec/controllers/sendero.py: 1
[2016-06-09 17:50:38] EDIT GuiArtec/views/sendero/index.html: 0
[2016-06-09 17:56:01] EDIT GuiArtec/views/mapa/index.html: 0
[2016-06-09 17:56:11] EDIT GuiArtec/views/mapa/index.html: 0
[2016-06-09 18:04:35] EDIT GuiArtec/views/mapa/index.html: 0
[2016-06-09 18:04:46] EDIT GuiArtec/views/mapa/index.html: 0
[2016-06-09 18:05:15] EDIT GuiArtec/views/mapa/index.html: 0
[2016-06-09 18:06:15] EDIT GuiArtec/views/mapa/index.html: 0
[2016-06-09 18:06:46] EDIT GuiArtec/controllers/mapa.py: 0
[2016-06-09 18:12:17] EDIT GuiArtec/views/mapa/index.html: -125
[2016-06-09 18:14:30] EDIT GuiArtec/views/mapa/index.html: 2
[2016-06-09 18:15:32] EDIT GuiArtec/controllers/mapa.py: 0
[2016-06-09 18:15:55] DELETE GuiArtec/views/mapa/index.html: -7
[2016-06-09 18:16:10] CREATE mapa/inicio.html: 0
[2016-06-09 18:16:29] EDIT GuiArtec/views/mapa/inicio.html: 0
[2016-06-09 18:18:53] EDIT GuiArtec/views/mapa/inicio.html: 133
[2016-06-09 18:25:19] EDIT GuiArtec/views/mapa/inicio.html: -1
[2016-06-09 18:25:32] EDIT GuiArtec/views/mapa/inicio.html: 1
[2016-06-09 18:25:58] EDIT GuiArtec/views/mapa/inicio.html: 0
[2016-06-09 18:27:17] EDIT GuiArtec/views/mapa/inicio.html: 0
[2016-06-09 18:27:37] EDIT GuiArtec/views/mapa/inicio.html: 0
[2016-06-09 18:27:47] EDIT GuiArtec/views/mapa/inicio.html: -1
[2016-06-09 18:28:03] EDIT GuiArtec/views/mapa/inicio.html: 1
[2016-06-09 18:31:26] EDIT GuiArtec/views/sendero/index.html: -230
[2016-06-09 18:36:34] EDIT GuiArtec/views/sendero/index.html: 11
[2016-06-09 18:37:25] EDIT GuiArtec/static/css/map.css: 0
[2016-06-09 18:39:57] EDIT GuiArtec/static/css/main.css: 2
[2016-06-09 18:55:53] EDIT GuiArtec/views/sendero/index.html: 222
[2016-06-09 19:01:10] EDIT GuiArtec/views/sendero/index.html: -141
[2016-06-09 19:06:16] EDIT GuiArtec/views/sendero/index.html: 1
[2016-06-09 19:20:36] EDIT GuiArtec/views/mapa/inicio.html: -119
[2016-06-09 19:21:07] EDIT GuiArtec/views/mapa/inicio.html: 135
[2016-06-09 19:21:21] EDIT GuiArtec/views/mapa/inicio.html: 0
[2016-06-09 19:22:47] EDIT GuiArtec/views/mapa/inicio.html: -7
[2016-06-09 19:23:00] EDIT GuiArtec/views/mapa/inicio.html: 0
[2016-06-09 19:26:32] EDIT GuiArtec/views/mapa/inicio.html: 0
[2016-06-09 19:26:35] EDIT GuiArtec/views/mapa/inicio.html: 0
[2016-06-09 19:27:23] EDIT GuiArtec/views/mapa/inicio.html: 0
[2016-06-09 19:28:36] EDIT GuiArtec/views/mapa/inicio.html: 0
[2016-06-09 19:35:50] EDIT GuiArtec/views/mapa/inicio.html: -15
[2016-06-09 19:38:15] EDIT GuiArtec/views/mapa/inicio.html: 4
[2016-06-09 19:38:24] EDIT GuiArtec/views/mapa/inicio.html: 0
[2016-06-09 19:40:37] EDIT GuiArtec/views/mapa/inicio.html: 1
[2016-06-09 19:41:59] EDIT GuiArtec/views/mapa/inicio.html: -1
[2016-06-09 19:43:19] EDIT GuiArtec/views/mapa/inicio.html: 0
[2016-06-09 19:45:01] EDIT GuiArtec/views/mapa/inicio.html: -4
[2016-06-09 19:53:36] EDIT GuiArtec/views/mapa/inicio.html: 1
[2016-06-09 19:54:32] EDIT GuiArtec/views/mapa/inicio.html: 0
[2016-06-09 19:55:19] EDIT GuiArtec/views/mapa/inicio.html: 0
[2016-06-09 19:58:44] EDIT GuiArtec/views/mapa/inicio.html: 0
[2016-06-09 19:59:09] EDIT GuiArtec/views/mapa/inicio.html: 0
[2016-06-09 19:59:47] EDIT GuiArtec/views/mapa/inicio.html: 15
[2016-06-09 20:01:20] EDIT GuiArtec/views/mapa/inicio.html: 0
[2016-06-09 20:03:09] EDIT GuiArtec/views/mapa/inicio.html: 0
[2016-06-09 20:04:56] EDIT GuiArtec/views/mapa/inicio.html: 0
[2016-06-09 20:05:08] EDIT GuiArtec/views/mapa/inicio.html: 0
[2016-06-09 20:05:18] EDIT GuiArtec/views/mapa/inicio.html: 0
[2016-06-09 20:05:39] EDIT GuiArtec/views/mapa/inicio.html: 0
[2016-06-09 20:05:50] EDIT GuiArtec/views/mapa/inicio.html: 0
[2016-06-09 20:05:57] EDIT GuiArtec/views/mapa/inicio.html: 0
[2016-06-09 20:06:08] EDIT GuiArtec/views/mapa/inicio.html: 0
[2016-06-09 20:06:30] EDIT GuiArtec/views/mapa/inicio.html: 0
[2016-06-09 20:10:29] EDIT GuiArtec/views/default/index.html: 0
[2016-06-09 23:25:19] EDIT GuiArtec/views/sendero/index.html: 0
[2016-06-13 09:57:20] EDIT GuiArtec/views/mapa/inicio.html: 0
[2016-06-13 09:59:48] EDIT GuiArtec/views/mapa/inicio.html: 0
[2016-06-13 10:01:25] EDIT GuiArtec/views/mapa/inicio.html: 0
[2016-06-13 10:02:08] EDIT GuiArtec/views/mapa/inicio.html: 0
[2016-06-13 10:02:41] EDIT GuiArtec/views/mapa/inicio.html: 0
[2016-06-13 10:03:30] EDIT GuiArtec/views/mapa/inicio.html: 0
[2016-06-13 10:06:40] EDIT GuiArtec/views/mapa/inicio.html: 0
[2016-06-13 10:24:56] EDIT GuiArtec/views/mapa/inicio.html: 0
[2016-06-13 10:26:00] EDIT GuiArtec/views/mapa/inicio.html: 0
[2016-06-13 10:26:43] EDIT GuiArtec/views/mapa/inicio.html: 0
[2016-06-13 10:27:11] EDIT GuiArtec/views/mapa/inicio.html: 0
[2016-06-13 10:27:52] EDIT GuiArtec/views/mapa/inicio.html: 0
[2016-06-13 10:28:23] EDIT GuiArtec/views/mapa/inicio.html: 0
[2016-06-13 10:28:42] EDIT GuiArtec/views/mapa/inicio.html: 0
[2016-06-13 10:30:13] EDIT GuiArtec/views/mapa/inicio.html: 0
[2016-06-13 10:30:50] EDIT GuiArtec/views/mapa/inicio.html: 0
[2016-06-13 10:31:04] EDIT GuiArtec/views/mapa/inicio.html: 0
[2016-06-13 10:31:18] EDIT GuiArtec/views/mapa/inicio.html: 0
[2016-06-13 10:31:33] EDIT GuiArtec/views/mapa/inicio.html: 0
[2016-06-13 10:31:42] EDIT GuiArtec/views/mapa/inicio.html: 0
[2016-06-13 10:31:57] EDIT GuiArtec/views/mapa/inicio.html: 0
[2016-06-13 10:32:06] EDIT GuiArtec/views/mapa/inicio.html: 0
[2016-06-13 10:32:13] EDIT GuiArtec/views/mapa/inicio.html: 0
[2016-06-13 10:36:26] EDIT GuiArtec/views/mapa/inicio.html: 12
[2016-06-13 10:37:11] EDIT GuiArtec/views/mapa/inicio.html: 0
[2016-06-13 10:41:46] EDIT GuiArtec/views/mapa/inicio.html: 0
[2016-06-13 10:47:47] EDIT GuiArtec/views/mapa/inicio.html: 0
[2016-06-13 10:48:27] EDIT GuiArtec/views/mapa/inicio.html: 0
[2016-06-13 10:48:56] EDIT GuiArtec/views/mapa/inicio.html: 1
[2016-06-13 10:49:48] EDIT GuiArtec/views/mapa/inicio.html: 0
[2016-06-13 10:51:32] EDIT GuiArtec/views/mapa/inicio.html: 0
[2016-06-13 10:51:57] EDIT GuiArtec/views/mapa/inicio.html: 0
[2016-06-13 10:53:07] EDIT GuiArtec/views/mapa/inicio.html: 0
[2016-06-13 10:53:44] EDIT GuiArtec/views/mapa/inicio.html: 0
[2016-06-13 10:55:55] EDIT GuiArtec/views/mapa/inicio.html: 0
[2016-06-13 10:56:38] EDIT GuiArtec/views/mapa/inicio.html: 0
[2016-06-13 10:57:58] EDIT GuiArtec/views/mapa/inicio.html: 0
[2016-06-13 11:03:34] EDIT GuiArtec/views/mapa/inicio.html: 0
[2016-06-13 11:04:00] EDIT GuiArtec/views/mapa/inicio.html: 0
[2016-06-13 11:04:11] EDIT GuiArtec/views/mapa/inicio.html: 0
[2016-06-13 11:04:20] EDIT GuiArtec/views/mapa/inicio.html: 0
[2016-06-13 11:04:27] EDIT GuiArtec/views/mapa/inicio.html: 0
[2016-06-13 11:04:36] EDIT GuiArtec/views/mapa/inicio.html: 0
[2016-06-13 11:04:58] EDIT GuiArtec/views/mapa/inicio.html: 0
[2016-06-13 11:05:12] EDIT GuiArtec/views/mapa/inicio.html: 0
[2016-06-13 11:05:38] EDIT GuiArtec/views/mapa/inicio.html: 0
[2016-06-13 11:05:49] EDIT GuiArtec/views/mapa/inicio.html: 0
[2016-06-13 11:05:58] EDIT GuiArtec/views/mapa/inicio.html: 0
[2016-06-13 11:06:07] EDIT GuiArtec/views/mapa/inicio.html: 0
[2016-06-13 11:06:27] EDIT GuiArtec/views/mapa/inicio.html: 0
[2016-06-13 11:06:43] EDIT GuiArtec/views/mapa/inicio.html: 0
[2016-06-13 11:07:35] EDIT GuiArtec/views/mapa/inicio.html: 0
[2016-06-13 11:07:54] EDIT GuiArtec/views/mapa/inicio.html: 0
[2016-06-13 11:08:23] EDIT GuiArtec/views/mapa/inicio.html: 0
[2016-06-13 11:08:46] EDIT GuiArtec/views/mapa/inicio.html: 0
[2016-06-13 11:09:10] EDIT GuiArtec/views/mapa/inicio.html: 0
[2016-06-13 11:16:19] EDIT GuiArtec/views/mapa/inicio.html: 0
[2016-06-13 11:19:47] EDIT GuiArtec/views/mapa/inicio.html: 0
[2016-06-13 11:20:40] EDIT GuiArtec/views/mapa/inicio.html: 0
[2016-06-13 11:21:12] EDIT GuiArtec/views/mapa/inicio.html: 0
[2016-06-13 12:01:27] EDIT GuiArtec/models/db.py: 1
[2016-06-13 12:07:29] EDIT GuiArtec/controllers/mapa.py: 0
[2016-06-13 12:08:16] EDIT GuiArtec/controllers/mapa.py: 0
[2016-06-13 12:09:17] EDIT GuiArtec/controllers/mapa.py: 0
[2016-06-13 12:09:59] EDIT GuiArtec/controllers/mapa.py: 0
[2016-06-13 12:10:04] EDIT GuiArtec/controllers/mapa.py: 0
[2016-06-13 12:10:43] EDIT GuiArtec/controllers/mapa.py: 0
[2016-06-13 12:12:42] EDIT GuiArtec/controllers/mapa.py: 0
[2016-06-13 12:14:59] EDIT GuiArtec/controllers/mapa.py: 0
[2016-06-13 12:33:04] EDIT GuiArtec/controllers/mapa.py: 0
[2016-06-13 12:35:58] EDIT GuiArtec/controllers/mapa.py: 1
[2016-06-13 12:36:07] EDIT GuiArtec/controllers/mapa.py: 0
[2016-06-13 12:39:38] EDIT GuiArtec/controllers/mapa.py: 1
[2016-06-13 12:40:20] EDIT GuiArtec/controllers/mapa.py: -1
[2016-06-13 12:48:38] EDIT GuiArtec/controllers/mapa.py: 0
[2016-06-13 12:49:43] EDIT GuiArtec/views/mapa/inicio.html: 12
[2016-06-13 12:53:25] EDIT GuiArtec/views/mapa/inicio.html: -12
[2016-06-13 12:56:57] EDIT GuiArtec/controllers/mapa.py: 0
[2016-06-13 12:59:00] EDIT GuiArtec/controllers/mapa.py: 0
[2016-06-13 12:59:56] EDIT GuiArtec/controllers/mapa.py: 0
[2016-06-13 13:00:09] EDIT GuiArtec/controllers/mapa.py: 0
[2016-06-13 13:00:32] EDIT GuiArtec/controllers/mapa.py: 0
[2016-06-13 13:01:00] EDIT GuiArtec/controllers/mapa.py: -1
[2016-06-15 10:27:18] EDIT GuiArtec/controllers/mapa.py: 6
[2016-06-15 10:38:35] EDIT GuiArtec/views/mapa/inicio.html: 8
[2016-06-15 10:39:46] EDIT GuiArtec/views/mapa/inicio.html: 0
[2016-06-15 10:42:31] EDIT GuiArtec/views/mapa/inicio.html: -8
[2016-06-15 10:54:11] EDIT GuiArtec/views/mapa/inicio.html: 20
[2016-06-15 10:54:16] EDIT GuiArtec/views/mapa/inicio.html: 0
[2016-06-15 11:00:39] EDIT GuiArtec/views/mapa/inicio.html: 5
[2016-06-15 11:06:38] CREATE busqueda.py: 0
[2016-06-15 11:07:27] EDIT GuiArtec/controllers/busqueda.py: 2
[2016-06-15 11:07:56] CREATE busqueda/index.html: 0
[2016-06-15 11:10:03] EDIT GuiArtec/views/busqueda/index.html: -2
[2016-06-15 11:10:09] EDIT GuiArtec/controllers/busqueda.py: 0
[2016-06-15 11:11:12] EDIT GuiArtec/views/default/index.html: 0
[2016-06-15 11:55:39] EDIT GuiArtec/controllers/mapa.py: 7
[2016-06-15 11:58:46] EDIT GuiArtec/views/mapa/inicio.html: -1
[2016-06-15 12:06:30] EDIT GuiArtec/views/mapa/inicio.html: 0
[2016-06-15 12:15:57] EDIT GuiArtec/controllers/mapa.py: 0
[2016-06-15 12:15:58] EDIT GuiArtec/views/mapa/inicio.html: 1
[2016-06-15 12:20:52] EDIT GuiArtec/controllers/mapa.py: 0
[2016-06-15 12:23:44] EDIT GuiArtec/views/mapa/inicio.html: 0
[2016-06-15 12:25:19] EDIT GuiArtec/views/mapa/inicio.html: 11
[2016-06-15 12:25:37] EDIT GuiArtec/views/mapa/inicio.html: 0
[2016-06-15 12:37:10] EDIT GuiArtec/views/mapa/inicio.html: 1
[2016-06-15 12:39:31] EDIT GuiArtec/views/mapa/inicio.html: 0
[2016-06-15 12:39:55] EDIT GuiArtec/views/mapa/inicio.html: 0
[2016-06-15 12:41:43] EDIT GuiArtec/views/mapa/inicio.html: 0
[2016-06-15 12:42:17] EDIT GuiArtec/views/mapa/inicio.html: 0
[2016-06-15 12:42:47] EDIT GuiArtec/views/mapa/inicio.html: 0
[2016-06-15 12:42:54] EDIT GuiArtec/views/mapa/inicio.html: 0
[2016-06-15 12:45:07] EDIT GuiArtec/views/mapa/inicio.html: 0
[2016-06-15 12:45:20] EDIT GuiArtec/views/mapa/inicio.html: 0
[2016-06-15 12:50:54] EDIT GuiArtec/views/mapa/inicio.html: 83
[2016-06-15 12:51:25] EDIT GuiArtec/views/mapa/inicio.html: 0
[2016-06-15 13:00:01] CREATE faviomoxo.py: 0
[2016-06-15 13:00:47] EDIT GuiArtec/controllers/faviomoxo.py: 1
[2016-06-15 13:01:43] CREATE faviomoxo/index.html: 0
[2016-06-15 13:02:44] EDIT GuiArtec/views/faviomoxo/index.html: 7
[2016-06-16 09:52:48] DELETE GuiArtec/controllers/faviomoxo.py: -2
[2016-06-16 09:52:59] DELETE GuiArtec/views/faviomoxo/index.html: -10
[2016-06-16 09:53:23] CREATE senderoEsculturas.py: 0
[2016-06-16 09:53:31] CREATE senderoMuseos.py: 0
[2016-06-16 09:53:45] CREATE senderoIglesias.py: 0
[2016-06-16 09:54:15] CREATE senderoEsculturas/index.html: 0
[2016-06-16 09:54:38] CREATE senderoMuseos/index.html: 0
[2016-06-16 09:55:00] CREATE senderoIglesias/index.html: 0
[2016-06-16 09:56:32] EDIT GuiArtec/controllers/senderoEsculturas.py: 1
[2016-06-16 10:00:11] EDIT GuiArtec/views/senderoEsculturas/index.html: 93
[2016-06-16 10:00:34] CREATE mapaEsculturas.py: 0
[2016-06-16 10:01:46] CREATE mapaEsculturas/index.html: 0
[2016-06-16 10:02:16] CREATE mapaMuseos.py: 0
[2016-06-16 10:02:39] CREATE mapaMuseos/index.html: 0
[2016-06-16 10:02:53] CREATE mapaIglesias.py: 0
[2016-06-16 10:03:20] CREATE mapaIglesias/index.html: 0
[2016-06-16 10:04:03] EDIT GuiArtec/controllers/mapaEsculturas.py: 38
[2016-06-16 10:04:39] EDIT GuiArtec/views/mapaEsculturas/index.html: 334
[2016-06-16 10:05:39] EDIT GuiArtec/views/default/index.html: 0
[2016-06-16 10:08:02] EDIT GuiArtec/views/senderoEsculturas/index.html: 0
[2016-06-16 10:08:18] EDIT GuiArtec/controllers/mapaEsculturas.py: 0
[2016-06-16 10:13:52] EDIT GuiArtec/views/mapaEsculturas/index.html: 0
[2016-06-16 10:20:07] EDIT GuiArtec/controllers/mapaEsculturas.py: 0
[2016-06-16 10:20:33] DELETE GuiArtec/views/mapaIglesias/index.html: -3
[2016-06-16 10:21:22] CREATE mapaEsculturas/inicio.html: 0
[2016-06-16 10:22:27] EDIT GuiArtec/views/mapaEsculturas/inicio.html: 334
[2016-06-16 10:22:39] DELETE GuiArtec/views/mapaEsculturas/index.html: -337
[2016-06-16 10:22:43] EDIT GuiArtec/views/mapaEsculturas/inicio.html: 0
[2016-06-16 10:23:35] EDIT GuiArtec/views/senderoEsculturas/index.html: 0
[2016-06-16 10:26:33] EDIT GuiArtec/views/mapaEsculturas/inicio.html: 1
[2016-06-16 10:28:41] EDIT GuiArtec/controllers/mapaMuseos.py: 38
[2016-06-16 10:29:28] CREATE mapaMuseos/inicio.html: 0
[2016-06-16 10:30:35] DELETE GuiArtec/views/mapaMuseos/index.html: -3
[2016-06-16 10:31:15] EDIT GuiArtec/views/mapaMuseos/inicio.html: 335
[2016-06-17 08:40:43] EDIT GuiArtec/views/mapaMuseos/inicio.html: 0
[2016-06-17 08:42:07] EDIT GuiArtec/views/mapaMuseos/inicio.html: -85
[2016-06-17 08:42:59] EDIT GuiArtec/controllers/senderoMuseos.py: 1
[2016-06-17 08:43:02] EDIT GuiArtec/controllers/senderoMuseos.py: 0
[2016-06-17 08:43:25] EDIT GuiArtec/views/senderoMuseos/index.html: 0
[2016-06-17 08:44:10] EDIT GuiArtec/controllers/senderoIglesias.py: 1
[2016-06-17 08:44:34] EDIT GuiArtec/views/senderoIglesias/index.html: 0
[2016-06-17 08:44:39] EDIT GuiArtec/views/senderoIglesias/index.html: -2
[2016-06-17 08:45:53] EDIT GuiArtec/controllers/mapaIglesias.py: 1
[2016-06-17 08:46:39] CREATE mapaIglesias/inicio.html: 0
[2016-06-17 08:47:20] EDIT GuiArtec/views/mapaMuseos/inicio.html: -12
[2016-06-17 08:47:23] EDIT GuiArtec/views/mapaMuseos/inicio.html: 0
[2016-06-17 08:47:25] EDIT GuiArtec/views/mapaMuseos/inicio.html: 0
[2016-06-17 08:47:46] EDIT GuiArtec/views/mapaIglesias/inicio.html: 237
[2016-06-17 08:57:13] EDIT GuiArtec/controllers/mapaIglesias.py: 39
[2016-06-17 08:57:25] EDIT GuiArtec/controllers/mapaIglesias.py: -2
[2016-06-17 09:03:18] EDIT GuiArtec/views/default/index.html: 2
[2016-06-17 09:03:35] EDIT GuiArtec/views/default/index.html: 0
[2016-06-17 09:04:04] EDIT GuiArtec/views/default/index.html: 0
[2016-06-17 09:07:25] EDIT GuiArtec/views/default/index.html: 0
[2016-06-17 09:07:43] EDIT GuiArtec/views/default/index.html: 0
[2016-06-17 09:08:23] EDIT GuiArtec/views/mapaIglesias/inicio.html: 0
[2016-06-17 09:10:23] EDIT GuiArtec/views/mapaEsculturas/inicio.html: -1
[2016-06-17 09:10:32] EDIT GuiArtec/views/mapaMuseos/inicio.html: -1
[2016-06-17 09:10:37] EDIT GuiArtec/views/mapaMuseos/inicio.html: 0
[2016-06-17 09:37:57] EDIT GuiArtec/controllers/mapaIglesias.py: 0
[2016-06-17 09:38:00] EDIT GuiArtec/views/mapaIglesias/inicio.html: 0
[2016-06-17 09:53:26] EDIT GuiArtec/models/db.py: 0
[2016-06-17 10:02:57] EDIT GuiArtec/controllers/mapaMuseos.py: -1
[2016-06-17 11:34:44] EDIT GuiArtec/controllers/mapaMuseos.py: 0
[2016-06-17 11:34:50] EDIT GuiArtec/controllers/mapaMuseos.py: 0
[2016-06-17 11:35:54] EDIT GuiArtec/controllers/mapaMuseos.py: 0
[2016-06-17 11:36:26] EDIT GuiArtec/controllers/mapaMuseos.py: 0
[2016-06-17 11:37:51] EDIT GuiArtec/controllers/mapaMuseos.py: 0
[2016-06-17 11:42:23] EDIT GuiArtec/controllers/mapaMuseos.py: 0
[2016-06-17 11:42:26] EDIT GuiArtec/controllers/mapaMuseos.py: 0
[2016-06-17 11:42:55] EDIT GuiArtec/controllers/mapaMuseos.py: 0
[2016-06-17 11:43:40] EDIT GuiArtec/controllers/mapaMuseos.py: 0
[2016-06-17 11:44:00] EDIT GuiArtec/models/db.py: -6
[2016-06-17 11:44:29] EDIT GuiArtec/models/db.py: 0
[2016-06-17 11:45:32] EDIT GuiArtec/controllers/mapaMuseos.py: 0
[2016-06-17 11:47:43] EDIT GuiArtec/models/db.py: 0
[2016-06-17 11:49:45] EDIT GuiArtec/controllers/mapaMuseos.py: 0
[2016-06-17 11:49:56] EDIT GuiArtec/controllers/mapaMuseos.py: 0
[2016-06-18 19:34:17] DELETE GuiArtec/controllers/mapa.py: -39
[2016-06-18 19:36:09] DELETE GuiArtec/views/mapa/inicio.html: -338
[2016-06-18 19:45:12] CREATE infoextra.py: 0
[2016-06-18 19:46:11] EDIT GuiArtec/controllers/mapaEsculturas.py: 0
[2016-06-18 22:18:28] DELETE GuiArtec/controllers/infoextra.py: -1
[2016-06-18 22:21:47] CREATE infoLG.py: 0
[2016-06-18 22:23:34] CREATE appsvinc.py: 0
[2016-06-18 22:24:05] DELETE GuiArtec/controllers/mapaIglesias.py: -39
[2016-06-18 22:25:59] EDIT GuiArtec/controllers/mapaMuseos.py: -23
[2016-06-18 22:26:14] DELETE GuiArtec/controllers/senderoIglesias.py: -2
[2016-06-18 22:28:22] DELETE GuiArtec/views/mapaIglesias/inicio.html: -240
[2016-06-18 22:29:05] EDIT GuiArtec/controllers/mapaEsculturas.py: -13
[2016-06-18 22:29:47] DELETE GuiArtec/views/senderoIglesias/index.html: -1
[2016-06-18 22:31:00] DELETE GuiArtec/views/sendero/index.html: -97
[2016-06-18 22:32:20] EDIT GuiArtec/controllers/infoLG.py: 1
[2016-06-18 22:33:38] EDIT GuiArtec/controllers/appsvinc.py: 1
[2016-06-18 22:34:01] CREATE infoLG/index.html: 0
[2016-06-18 22:35:40] EDIT GuiArtec/views/infoLG/index.html: 0
[2016-06-18 22:36:22] CREATE appsvinc/index.html: 0
[2016-06-18 22:36:55] DELETE GuiArtec/views/infoLG/index.html: -3
[2016-06-18 22:37:28] DELETE GuiArtec/views/infoLG/index.html.1: -3
[2016-06-18 22:39:30] EDIT GuiArtec/views/appsvinc/index.html: 0
[2016-06-20 17:00:57] CREATE infoLG/index.html: 0
[2016-06-20 17:01:11] EDIT GuiArtec/views/infoLG/index.html: 0
[2016-06-20 17:20:12] DELETE GuiArtec/controllers/sendero.py: -2
[2016-06-20 17:32:46] EDIT GuiArtec/models/db.py: 4
[2016-06-20 17:33:10] EDIT GuiArtec/controllers/mapaEsculturas.py: 0
[2016-06-20 17:33:35] EDIT GuiArtec/controllers/mapaEsculturas.py: 0
[2016-06-20 17:35:16] EDIT GuiArtec/models/db.py: -10
[2016-06-20 17:36:07] EDIT GuiArtec/models/db.py: 10
[2016-06-20 17:40:44] EDIT GuiArtec/models/db.py: -6
[2016-06-20 17:48:48] EDIT GuiArtec/views/senderoEsculturas/index.html: 0
[2016-06-20 17:49:34] EDIT GuiArtec/views/senderoMuseos/index.html: 92
[2016-06-20 17:49:52] EDIT GuiArtec/views/senderoMuseos/index.html: 0
[2016-06-20 17:50:50] EDIT GuiArtec/views/appsvinc/index.html: 0
[2016-06-21 09:56:53] EDIT GuiArtec/models/db.py: 0
[2016-06-21 09:57:03] EDIT GuiArtec/models/db.py: 0
[2016-06-21 10:12:04] EDIT GuiArtec/models/db.py: 0
[2016-06-21 10:16:22] EDIT GuiArtec/models/db.py: 1
[2016-06-21 10:26:57] EDIT GuiArtec/models/db.py: 0
[2016-06-21 10:27:39] EDIT GuiArtec/models/db.py: 0
[2016-06-21 10:31:05] EDIT GuiArtec/views/default/index.html: 24
[2016-06-21 10:32:16] EDIT GuiArtec/views/default/index.html: -7
[2016-06-21 10:33:49] EDIT GuiArtec/views/default/index.html: -2
[2016-06-22 09:26:00] EDIT GuiArtec/controllers/mapaEsculturas.py: 0
[2016-06-22 09:33:34] EDIT GuiArtec/models/db.py: 0
[2016-06-22 09:33:42] EDIT GuiArtec/controllers/mapaEsculturas.py: 0
[2016-06-22 09:52:11] EDIT GuiArtec/models/db.py: -11
[2016-06-22 09:53:51] EDIT GuiArtec/models/db.py: 11
[2016-06-22 09:55:00] EDIT GuiArtec/controllers/mapaEsculturas.py: 0
[2016-06-22 10:02:08] EDIT GuiArtec/models/db.py: -1
[2016-06-22 10:12:55] EDIT GuiArtec/models/db.py: -1
[2016-06-22 10:14:16] EDIT GuiArtec/models/db.py: -1
[2016-06-22 10:14:35] EDIT GuiArtec/models/db.py: 0
[2016-06-22 10:15:45] EDIT GuiArtec/models/db.py: -2
[2016-06-22 10:16:28] EDIT GuiArtec/models/db.py: 0
[2016-06-22 10:17:33] EDIT GuiArtec/models/db.py: 0
[2016-06-22 10:18:34] EDIT GuiArtec/controllers/mapaEsculturas.py: 0
[2016-06-22 10:18:52] EDIT GuiArtec/controllers/mapaEsculturas.py: 12
[2016-06-22 10:18:56] EDIT GuiArtec/controllers/mapaEsculturas.py: 0
[2016-06-22 10:19:36] EDIT GuiArtec/views/mapaEsculturas/inicio.html: 4
[2016-06-22 10:19:41] EDIT GuiArtec/views/mapaEsculturas/inicio.html: 0
[2016-06-22 10:19:44] EDIT GuiArtec/controllers/mapaEsculturas.py: 0
[2016-06-22 10:30:34] EDIT GuiArtec/views/infoLG/index.html: 91
[2016-06-22 10:35:48] CREATE puntosinteres/index.html: 0
[2016-06-22 10:36:19] CREATE puntosinteres.py: 0
[2016-06-22 10:36:38] EDIT GuiArtec/views/busqueda/index.html: 0
[2016-06-22 10:37:02] EDIT GuiArtec/controllers/puntosinteres.py: 1
[2016-06-22 10:37:33] EDIT GuiArtec/views/default/index.html: 0
[2016-06-22 10:38:02] EDIT GuiArtec/views/puntosinteres/index.html: 0
[2016-06-22 10:47:58] EDIT GuiArtec/models/db.py: 0
[2016-06-22 10:48:19] EDIT GuiArtec/models/db.py: 0
[2016-06-22 10:48:51] EDIT GuiArtec/controllers/mapaMuseos.py: 0
[2016-06-22 10:52:04] EDIT GuiArtec/views/mapaMuseos/inicio.html: 0
[2016-06-22 10:53:31] EDIT GuiArtec/controllers/mapaMuseos.py: 0
[2016-06-22 11:03:04] EDIT GuiArtec/views/default/index.html: -22
[2016-06-22 11:03:47] EDIT GuiArtec/views/default/index.html: 22
[2016-06-22 11:28:58] EDIT GuiArtec/views/default/index.html: -22
[2016-06-22 11:29:12] EDIT GuiArtec/views/default/index.html: 0
[2016-06-22 11:33:00] EDIT GuiArtec/views/senderoEsculturas/index.html: -26
[2016-06-22 11:43:09] EDIT GuiArtec/views/senderoEsculturas/index.html: 0
[2016-06-22 11:45:08] EDIT GuiArtec/views/mapaEsculturas/inicio.html: 0
[2016-06-22 11:45:16] EDIT GuiArtec/controllers/mapaEsculturas.py: 0
[2016-06-22 11:50:33] EDIT GuiArtec/controllers/mapaEsculturas.py: -12
[2016-06-22 11:51:17] EDIT GuiArtec/views/mapaEsculturas/inicio.html: 0
[2016-06-22 11:53:12] EDIT GuiArtec/controllers/mapaEsculturas.py: 0
[2016-06-22 11:54:13] EDIT GuiArtec/controllers/mapaEsculturas.py: 0
[2016-06-22 12:20:06] EDIT GuiArtec/views/mapaEsculturas/inicio.html: -82
[2016-06-22 12:20:10] EDIT GuiArtec/views/mapaEsculturas/inicio.html: 0
[2016-06-22 12:22:23] EDIT GuiArtec/views/mapaEsculturas/inicio.html: 0
[2016-06-22 12:37:42] EDIT GuiArtec/views/mapaEsculturas/inicio.html: 22
[2016-06-22 12:42:10] EDIT GuiArtec/views/mapaEsculturas/inicio.html: 1
[2016-06-22 12:44:03] EDIT GuiArtec/views/mapaEsculturas/inicio.html: 1
[2016-06-22 12:44:08] EDIT GuiArtec/views/mapaEsculturas/inicio.html: 0
[2016-06-22 12:45:34] EDIT GuiArtec/views/mapaEsculturas/inicio.html: 0
[2016-06-22 12:46:10] EDIT GuiArtec/views/mapaEsculturas/inicio.html: -21
[2016-06-22 12:47:44] EDIT GuiArtec/views/mapaEsculturas/inicio.html: 0
[2016-06-22 12:48:31] EDIT GuiArtec/views/mapaEsculturas/inicio.html: 0
[2016-06-22 12:51:49] EDIT GuiArtec/views/mapaEsculturas/inicio.html: 8
[2016-06-22 17:30:08] EDIT GuiArtec/views/mapaEsculturas/inicio.html: 0
[2016-06-22 17:31:56] EDIT GuiArtec/views/mapaEsculturas/inicio.html: 0
[2016-06-22 17:32:30] EDIT GuiArtec/views/mapaEsculturas/inicio.html: 0
[2016-06-22 17:32:33] EDIT GuiArtec/views/mapaEsculturas/inicio.html: 0
[2016-06-22 17:33:26] EDIT GuiArtec/views/mapaEsculturas/inicio.html: 0
[2016-06-22 17:37:49] EDIT GuiArtec/views/mapaEsculturas/inicio.html: 0
[2016-06-22 17:43:17] EDIT GuiArtec/views/mapaEsculturas/inicio.html: 0
[2016-06-22 17:49:33] EDIT GuiArtec/views/mapaEsculturas/inicio.html: 0
[2016-06-22 17:55:37] EDIT GuiArtec/views/mapaEsculturas/inicio.html: 0
[2016-06-22 17:55:43] EDIT GuiArtec/views/mapaEsculturas/inicio.html: 0
[2016-06-22 17:56:56] EDIT GuiArtec/views/mapaEsculturas/inicio.html: 0
[2016-06-22 17:59:23] EDIT GuiArtec/views/mapaEsculturas/inicio.html: 0
[2016-06-22 17:59:39] EDIT GuiArtec/views/mapaEsculturas/inicio.html: 0
[2016-06-22 17:59:41] EDIT GuiArtec/views/mapaEsculturas/inicio.html: 0
[2016-06-22 18:15:57] EDIT GuiArtec/views/mapaEsculturas/inicio.html: -1
[2016-06-22 18:16:09] EDIT GuiArtec/views/mapaEsculturas/inicio.html: 1
[2016-06-23 09:55:06] EDIT GuiArtec/views/senderoMuseos/index.html: 0
[2016-06-23 09:56:13] EDIT GuiArtec/views/senderoMuseos/index.html: 0
[2016-06-23 10:01:08] EDIT GuiArtec/views/senderoMuseos/index.html: -25
[2016-06-23 10:01:47] EDIT GuiArtec/views/senderoMuseos/index.html: 0
[2016-06-23 10:20:03] EDIT GuiArtec/models/db.py: 6
[2016-06-23 10:20:44] CREATE mapaPuntos.py: 0
[2016-06-23 10:21:20] DELETE GuiArtec/controllers/mapaPuntos.py: -1
[2016-06-23 10:21:56] EDIT GuiArtec/views/puntosinteres/index.html: 267
[2016-06-23 10:22:52] EDIT GuiArtec/controllers/puntosinteres.py: 12
[2016-06-23 10:25:10] EDIT GuiArtec/views/puntosinteres/index.html: -114
[2016-06-23 10:25:25] EDIT GuiArtec/views/puntosinteres/index.html: 0
[2016-06-23 10:25:39] EDIT GuiArtec/controllers/puntosinteres.py: 0
[2016-06-23 10:25:49] EDIT GuiArtec/controllers/puntosinteres.py: 0
[2016-06-23 10:31:09] EDIT GuiArtec/models/db.py: 0
[2016-06-23 10:34:42] CREATE senderoPuntos.py: 0
[2016-06-23 10:34:56] EDIT GuiArtec/controllers/senderoPuntos.py: 1
[2016-06-23 10:37:51] CREATE senderoPuntos/index.html: 0
[2016-06-23 10:38:53] EDIT GuiArtec/views/senderoPuntos/index.html: 67
[2016-06-23 10:39:10] EDIT GuiArtec/views/senderoPuntos/index.html: 0
[2016-06-23 10:39:45] EDIT GuiArtec/views/senderoPuntos/index.html: 0
[2016-06-23 10:40:32] EDIT GuiArtec/views/default/index.html: 0
[2016-06-23 10:40:42] EDIT GuiArtec/views/senderoPuntos/index.html: 0
[2016-06-23 10:40:45] EDIT GuiArtec/views/default/index.html: 0
[2016-06-23 17:23:17] EDIT GuiArtec/controllers/mapaEsculturas.py: 0
[2016-06-23 17:23:51] EDIT GuiArtec/controllers/mapaEsculturas.py: 0
[2016-06-23 17:23:54] EDIT GuiArtec/controllers/mapaEsculturas.py: 0
[2016-06-23 18:15:19] EDIT GuiArtec/controllers/mapaEsculturas.py: 4
[2016-06-23 18:15:28] EDIT GuiArtec/controllers/mapaEsculturas.py: 0
[2016-06-23 18:15:31] EDIT GuiArtec/controllers/mapaEsculturas.py: 0
[2016-06-23 18:16:05] EDIT GuiArtec/controllers/mapaEsculturas.py: -1
[2016-06-23 18:20:16] EDIT GuiArtec/controllers/mapaEsculturas.py: -1
[2016-06-23 18:20:35] EDIT GuiArtec/controllers/mapaEsculturas.py: 0
[2016-06-23 18:26:22] EDIT GuiArtec/controllers/mapaEsculturas.py: 0
[2016-06-23 18:26:25] EDIT GuiArtec/controllers/mapaEsculturas.py: 0
[2016-06-23 22:32:40] EDIT GuiArtec/views/mapaEsculturas/inicio.html: 0
[2016-06-23 22:33:46] EDIT GuiArtec/views/mapaEsculturas/inicio.html: 0
[2016-06-23 22:40:25] EDIT GuiArtec/views/mapaEsculturas/inicio.html: 4
[2016-06-23 22:40:29] EDIT GuiArtec/views/mapaEsculturas/inicio.html: 0
[2016-06-23 22:41:15] EDIT GuiArtec/views/mapaEsculturas/inicio.html: 0
[2016-06-23 22:42:45] EDIT GuiArtec/views/mapaEsculturas/inicio.html: 0
[2016-06-23 22:43:51] EDIT GuiArtec/views/mapaEsculturas/inicio.html: 0
[2016-06-23 22:45:08] EDIT GuiArtec/views/mapaEsculturas/inicio.html: 0
[2016-06-24 11:10:35] EDIT GuiArtec/views/mapaEsculturas/inicio.html: 0
[2016-06-24 11:17:58] EDIT GuiArtec/views/mapaEsculturas/inicio.html: 8
[2016-06-24 11:23:06] EDIT GuiArtec/views/mapaEsculturas/inicio.html: 0
[2016-06-24 11:26:34] EDIT GuiArtec/views/mapaEsculturas/inicio.html: 0
[2016-06-24 11:36:22] EDIT GuiArtec/views/mapaEsculturas/inicio.html: 0
[2016-06-24 11:36:28] EDIT GuiArtec/views/mapaEsculturas/inicio.html: 0
[2016-06-24 11:40:52] EDIT GuiArtec/views/mapaEsculturas/inicio.html: 0
[2016-06-24 11:41:12] EDIT GuiArtec/views/mapaEsculturas/inicio.html: -8
[2016-06-24 11:51:35] EDIT GuiArtec/views/mapaEsculturas/inicio.html: -15
[2016-06-24 11:52:18] EDIT GuiArtec/views/mapaEsculturas/inicio.html: 15
[2016-06-24 11:53:14] EDIT GuiArtec/views/mapaEsculturas/inicio.html: 0
[2016-06-24 11:53:58] EDIT GuiArtec/views/mapaEsculturas/inicio.html: -1
[2016-06-24 11:59:48] EDIT GuiArtec/views/mapaMuseos/inicio.html: -13
[2016-06-24 12:00:52] EDIT GuiArtec/views/mapaMuseos/inicio.html: 30
[2016-06-24 12:01:05] EDIT GuiArtec/views/mapaMuseos/inicio.html: 0
[2016-06-24 12:01:26] EDIT GuiArtec/views/puntosinteres/index.html: 0
[2016-06-24 12:02:29] EDIT GuiArtec/views/mapaEsculturas/inicio.html: -12
[2016-06-24 12:06:11] EDIT GuiArtec/views/mapaMuseos/inicio.html: 0
[2016-06-24 12:09:01] EDIT GuiArtec/views/mapaMuseos/inicio.html: 0
[2016-06-24 12:09:05] EDIT GuiArtec/views/mapaEsculturas/inicio.html: 0
[2016-06-24 12:11:27] EDIT GuiArtec/views/mapaEsculturas/inicio.html: 35
[2016-06-24 12:12:40] EDIT GuiArtec/views/mapaEsculturas/inicio.html: -1
[2016-06-24 12:14:03] EDIT GuiArtec/views/mapaEsculturas/inicio.html: 0
[2016-06-24 12:14:41] EDIT GuiArtec/views/mapaEsculturas/inicio.html: 0
[2016-06-24 12:19:39] EDIT GuiArtec/views/puntosinteres/index.html: 0
[2016-06-24 12:21:58] EDIT GuiArtec/views/mapaEsculturas/inicio.html: 0
[2016-06-24 12:22:50] EDIT GuiArtec/views/mapaMuseos/inicio.html: 49
[2016-06-24 12:22:57] EDIT GuiArtec/views/puntosinteres/index.html: 150
[2016-06-24 12:25:38] EDIT GuiArtec/views/mapaMuseos/inicio.html: -88
[2016-06-24 12:28:23] EDIT GuiArtec/views/puntosinteres/index.html: -88
[2016-06-24 12:29:43] EDIT GuiArtec/views/puntosinteres/index.html: 0
[2016-06-24 12:29:45] EDIT GuiArtec/views/mapaMuseos/inicio.html: 0
[2016-06-24 16:00:50] EDIT GuiArtec/views/mapaEsculturas/inicio.html: 0
[2016-06-24 16:02:08] EDIT GuiArtec/views/mapaMuseos/inicio.html: 0
[2016-06-24 16:03:38] EDIT GuiArtec/controllers/mapaMuseos.py: 0
[2016-06-24 16:04:09] EDIT GuiArtec/controllers/mapaMuseos.py: 0
[2016-06-24 16:09:57] EDIT GuiArtec/views/mapaEsculturas/inicio.html: 1
[2016-06-24 16:18:36] EDIT GuiArtec/views/mapaEsculturas/inicio.html: 4
[2016-06-24 16:18:58] EDIT GuiArtec/views/mapaEsculturas/inicio.html: 0
[2016-06-24 16:20:26] EDIT GuiArtec/views/mapaEsculturas/inicio.html: 0
[2016-06-24 16:26:31] EDIT GuiArtec/views/mapaEsculturas/inicio.html: 0
[2016-06-24 16:27:00] EDIT GuiArtec/views/mapaEsculturas/inicio.html: 0
[2016-06-24 16:27:29] EDIT GuiArtec/views/mapaEsculturas/inicio.html: 0
[2016-06-24 16:31:53] EDIT GuiArtec/views/mapaEsculturas/inicio.html: 1
[2016-06-24 16:31:59] EDIT GuiArtec/views/mapaEsculturas/inicio.html: 0
[2016-06-24 16:39:10] EDIT GuiArtec/views/mapaEsculturas/inicio.html: 1
[2016-06-24 16:40:54] EDIT GuiArtec/views/mapaEsculturas/inicio.html: -1
[2016-06-24 16:42:30] EDIT GuiArtec/views/mapaEsculturas/inicio.html: 0
[2016-06-24 16:43:00] EDIT GuiArtec/views/mapaEsculturas/inicio.html: 0
[2016-06-24 16:43:47] EDIT GuiArtec/views/mapaEsculturas/inicio.html: 0
[2016-06-24 16:43:54] EDIT GuiArtec/views/mapaEsculturas/inicio.html: 0
[2016-06-24 16:44:48] EDIT GuiArtec/views/mapaEsculturas/inicio.html: 0
[2016-06-24 16:45:57] EDIT GuiArtec/views/mapaEsculturas/inicio.html: 0
[2016-06-24 16:48:09] EDIT GuiArtec/views/mapaEsculturas/inicio.html: 0
[2016-06-24 16:50:57] EDIT GuiArtec/views/mapaEsculturas/inicio.html: 0
[2016-06-24 16:51:17] EDIT GuiArtec/views/mapaEsculturas/inicio.html: 0
[2016-06-24 16:52:17] EDIT GuiArtec/views/mapaEsculturas/inicio.html: 0
[2016-06-24 16:53:25] EDIT GuiArtec/views/mapaEsculturas/inicio.html: -3
[2016-06-24 20:35:58] EDIT GuiArtec/views/mapaEsculturas/inicio.html: 0
[2016-06-24 20:36:30] EDIT GuiArtec/views/mapaEsculturas/inicio.html: 0
[2016-06-24 20:36:43] EDIT GuiArtec/views/mapaEsculturas/inicio.html: 0
[2016-06-24 20:37:18] EDIT GuiArtec/views/mapaEsculturas/inicio.html: 0
[2016-06-24 20:38:06] EDIT GuiArtec/views/mapaEsculturas/inicio.html: 0
[2016-06-24 20:42:18] DELETE GuiArtec/views/mapaEsculturas/inicio.html.1: -309
[2016-06-24 20:43:48] EDIT GuiArtec/views/mapaEsculturas/inicio.html: -92
[2016-06-24 20:44:34] EDIT GuiArtec/views/mapaEsculturas/inicio.html: 92
[2016-06-24 20:48:14] EDIT GuiArtec/views/mapaEsculturas/inicio.html: 0
[2016-06-24 20:53:49] EDIT GuiArtec/views/mapaEsculturas/inicio.html: 1
[2016-06-24 20:56:26] EDIT GuiArtec/views/mapaEsculturas/inicio.html: 4
[2016-06-24 20:58:10] EDIT GuiArtec/views/mapaEsculturas/inicio.html: 0
[2016-06-24 20:58:30] EDIT GuiArtec/views/mapaEsculturas/inicio.html: 0
[2016-06-24 20:59:01] EDIT GuiArtec/views/mapaEsculturas/inicio.html: 1
[2016-06-24 20:59:03] EDIT GuiArtec/views/mapaEsculturas/inicio.html: 0
[2016-06-25 10:37:45] CREATE mapa.py: 0
[2016-06-25 10:38:01] CREATE mapa/index.html: 0
[2016-06-25 10:38:25] EDIT GuiArtec/controllers/mapa.py: 1
[2016-06-25 10:41:28] EDIT GuiArtec/controllers/mapa.py: 52
[2016-06-25 10:43:08] EDIT GuiArtec/controllers/mapa.py: 0
[2016-06-25 10:43:21] EDIT GuiArtec/controllers/mapa.py: 0
[2016-06-25 10:53:28] EDIT GuiArtec/views/mapa/index.html: 96
[2016-06-25 10:54:42] EDIT GuiArtec/views/mapa/index.html: 0
[2016-06-25 10:55:07] EDIT GuiArtec/controllers/mapa.py: -2
[2016-06-25 10:57:37] EDIT GuiArtec/views/mapa/index.html: 2
[2016-06-25 11:00:03] EDIT GuiArtec/views/mapa/index.html: -1
[2016-06-25 11:02:43] EDIT GuiArtec/views/mapa/index.html: 5
[2016-06-25 11:07:24] EDIT GuiArtec/views/mapa/index.html: 218
[2016-06-25 11:09:50] EDIT GuiArtec/views/mapa/index.html: 19
[2016-06-25 11:11:22] EDIT GuiArtec/views/mapa/index.html: 0
[2016-06-25 11:13:12] EDIT GuiArtec/views/mapa/index.html: 0
[2016-06-25 11:13:20] EDIT GuiArtec/views/mapa/index.html: 0
[2016-06-25 11:14:06] EDIT GuiArtec/views/mapa/index.html: 0
[2016-06-25 11:15:00] EDIT GuiArtec/views/mapa/index.html: 0
[2016-06-25 11:17:28] EDIT GuiArtec/views/mapa/index.html: 3
[2016-06-25 11:17:34] EDIT GuiArtec/views/mapa/index.html: 0
[2016-06-25 11:18:38] EDIT GuiArtec/views/mapa/index.html: 0
[2016-06-25 11:24:39] EDIT GuiArtec/views/mapa/index.html: 53
[2016-06-25 11:28:02] EDIT GuiArtec/views/mapa/index.html: -72
[2016-06-25 11:30:55] EDIT GuiArtec/controllers/mapa.py: 0
[2016-06-25 11:32:41] EDIT GuiArtec/controllers/mapa.py: 0
[2016-06-25 11:32:46] EDIT GuiArtec/controllers/mapa.py: 0
[2016-06-25 11:32:50] EDIT GuiArtec/controllers/mapa.py: 0
[2016-06-25 11:33:07] EDIT GuiArtec/controllers/mapa.py: 0
[2016-06-25 11:33:19] EDIT GuiArtec/controllers/mapa.py: 0
[2016-06-25 11:33:40] EDIT GuiArtec/controllers/mapa.py: 0
[2016-06-25 11:34:47] EDIT GuiArtec/views/mapa/index.html: 0
[2016-06-25 11:37:51] EDIT GuiArtec/views/mapa/index.html: 0
[2016-06-25 11:38:01] EDIT GuiArtec/views/mapa/index.html: 0
[2016-06-25 11:38:20] EDIT GuiArtec/views/mapa/index.html: 0
[2016-06-25 11:40:02] EDIT GuiArtec/views/mapa/index.html: 53
[2016-06-25 11:42:22] EDIT GuiArtec/views/mapa/index.html: -28
[2016-06-25 11:45:38] EDIT GuiArtec/views/mapa/index.html: -26
[2016-06-25 12:00:58] EDIT GuiArtec/views/mapaEsculturas/inicio.html: 0
[2016-06-25 12:02:02] EDIT GuiArtec/views/mapaMuseos/inicio.html: 0
[2016-06-25 12:02:40] EDIT GuiArtec/views/puntosinteres/index.html: 0
[2016-06-25 12:07:38] EDIT GuiArtec/views/mapa/index.html: -220
[2016-06-25 12:08:54] EDIT GuiArtec/views/mapa/index.html: 0
[2016-06-25 12:09:39] EDIT GuiArtec/views/mapa/index.html: -1
[2016-06-25 12:10:18] EDIT GuiArtec/views/mapa/index.html: 1
[2016-06-25 12:12:28] EDIT GuiArtec/views/mapa/index.html: 5
[2016-06-25 12:12:37] EDIT GuiArtec/views/mapa/index.html: 0
[2016-06-25 12:12:40] EDIT GuiArtec/views/mapa/index.html: 0
[2016-06-25 12:12:47] EDIT GuiArtec/views/mapaMuseos/inicio.html: 0
[2016-06-25 12:15:04] EDIT GuiArtec/views/mapa/index.html: 1
[2016-06-25 12:16:46] EDIT GuiArtec/views/mapa/index.html: -5
[2016-06-25 12:17:27] EDIT GuiArtec/views/mapa/index.html: 0
[2016-06-25 12:18:16] EDIT GuiArtec/views/mapa/index.html: 5
[2016-06-25 12:19:21] EDIT GuiArtec/views/mapa/index.html: 0
[2016-06-25 12:19:31] EDIT GuiArtec/views/mapa/index.html: 0
[2016-06-25 12:24:21] EDIT GuiArtec/views/mapa/index.html: 2
[2016-06-25 15:13:41] EDIT GuiArtec/views/mapaEsculturas/inicio.html: 8
[2016-06-25 15:16:23] EDIT GuiArtec/views/mapaEsculturas/inicio.html: 0
[2016-06-25 15:18:42] EDIT GuiArtec/views/mapaEsculturas/inicio.html: 0
[2016-06-25 15:20:41] EDIT GuiArtec/views/mapaEsculturas/inicio.html: -8
[2016-06-25 15:20:44] EDIT GuiArtec/views/mapaEsculturas/inicio.html: 0
[2016-06-25 15:24:05] EDIT GuiArtec/views/mapaEsculturas/inicio.html: 1
[2016-06-25 15:26:05] EDIT GuiArtec/views/mapaEsculturas/inicio.html: 2
[2016-06-25 15:28:31] EDIT GuiArtec/views/mapaEsculturas/inicio.html: 2
[2016-06-25 15:28:41] EDIT GuiArtec/views/mapaEsculturas/inicio.html: 0
[2016-06-25 15:29:36] EDIT GuiArtec/views/mapaEsculturas/inicio.html: 0
[2016-06-25 15:30:21] EDIT GuiArtec/views/mapaEsculturas/inicio.html: 0
[2016-06-25 15:31:34] EDIT GuiArtec/views/mapaEsculturas/inicio.html: -2
[2016-06-25 15:31:41] EDIT GuiArtec/views/mapaEsculturas/inicio.html: 1
[2016-06-25 15:32:22] EDIT GuiArtec/views/mapaEsculturas/inicio.html: -1
[2016-06-25 15:32:58] EDIT GuiArtec/views/mapaEsculturas/inicio.html: 1
[2016-06-25 15:33:39] EDIT GuiArtec/views/mapaEsculturas/inicio.html: 1
[2016-06-25 15:34:16] EDIT GuiArtec/views/mapaEsculturas/inicio.html: 0
[2016-06-25 15:35:24] EDIT GuiArtec/views/mapaEsculturas/inicio.html: 0
[2016-06-25 15:36:46] EDIT GuiArtec/views/mapaMuseos/inicio.html: 3
[2016-06-25 15:37:15] EDIT GuiArtec/views/mapaMuseos/inicio.html: 1
[2016-06-25 15:37:35] EDIT GuiArtec/views/mapaMuseos/inicio.html: 0
[2016-06-25 15:37:41] EDIT GuiArtec/views/mapaEsculturas/inicio.html: -1
[2016-06-25 15:37:57] EDIT GuiArtec/views/mapaMuseos/inicio.html: 0
[2016-06-25 15:39:01] EDIT GuiArtec/views/mapaMuseos/inicio.html: 6
[2016-06-25 15:39:43] EDIT GuiArtec/views/mapaEsculturas/inicio.html: 0
[2016-06-25 15:39:44] EDIT GuiArtec/views/mapaMuseos/inicio.html: 0
[2016-06-25 22:13:03] EDIT GuiArtec/views/puntosinteres/index.html: 3
[2016-06-25 22:13:29] EDIT GuiArtec/views/mapaEsculturas/inicio.html: -4
[2016-06-25 22:13:38] EDIT GuiArtec/views/puntosinteres/index.html: 0
[2016-06-25 22:40:16] EDIT GuiArtec/controllers/mapaEsculturas.py: 0
[2016-06-25 22:42:02] EDIT GuiArtec/controllers/mapaEsculturas.py: 0
[2016-06-25 22:43:47] EDIT GuiArtec/controllers/mapaEsculturas.py: 0
[2016-06-25 22:44:35] EDIT GuiArtec/views/senderoEsculturas/index.html: -4
[2016-06-25 22:46:15] EDIT GuiArtec/models/db.py: 6
[2016-06-25 22:46:26] EDIT GuiArtec/views/senderoPuntos/index.html: 0
[2016-06-25 22:48:19] EDIT GuiArtec/controllers/mapaEsculturas.py: 25
[2016-06-25 22:48:23] EDIT GuiArtec/controllers/mapaEsculturas.py: 0
[2016-06-25 22:48:50] EDIT GuiArtec/models/db.py: 0
[2016-06-25 22:49:47] CREATE mapaEsculturas2.py: 0
[2016-06-25 22:51:00] DELETE GuiArtec/controllers/mapaEsculturas2.py: -1
[2016-06-25 22:51:18] CREATE senderoEsculturas2.py: 0
[2016-06-25 22:51:47] CREATE senderoEsculturas2/index.html: 0
[2016-06-25 22:52:08] EDIT GuiArtec/controllers/senderoEsculturas2.py: 1
[2016-06-25 22:52:21] EDIT GuiArtec/views/senderoEsculturas2/index.html: 311
[2016-06-25 22:53:05] EDIT GuiArtec/controllers/mapaEsculturas.py: 0
[2016-06-25 22:54:11] EDIT GuiArtec/views/senderoEsculturas2/index.html: -72
[2016-06-25 22:54:25] EDIT GuiArtec/views/senderoEsculturas2/index.html: 0
[2016-06-25 22:54:48] EDIT GuiArtec/controllers/mapaEsculturas.py: 0
[2016-06-25 22:54:52] EDIT GuiArtec/controllers/mapaEsculturas.py: 0
[2016-06-25 22:55:07] EDIT GuiArtec/views/senderoEsculturas2/index.html: 0
[2016-06-25 22:56:53] EDIT GuiArtec/controllers/mapaEsculturas.py: 0
[2016-06-25 23:01:10] EDIT GuiArtec/models/db.py: 6
[2016-06-25 23:04:22] EDIT GuiArtec/models/db.py: 0
[2016-06-25 23:06:09] EDIT GuiArtec/models/db.py: 0
[2016-06-25 23:07:23] EDIT GuiArtec/models/db.py: 0
[2016-06-26 11:51:43] EDIT GuiArtec/views/senderoEsculturas/index.html: 5
[2016-06-26 11:52:22] EDIT GuiArtec/views/senderoEsculturas/index.html: -5
[2016-06-26 11:53:51] EDIT GuiArtec/views/senderoEsculturas/index.html: 0
[2016-06-26 11:54:42] EDIT GuiArtec/views/senderoEsculturas/index.html: 0
[2016-06-26 11:56:10] EDIT GuiArtec/views/senderoEsculturas/index.html: 0
[2016-06-26 11:59:34] EDIT GuiArtec/views/senderoEsculturas/index.html: 0
[2016-06-26 12:00:54] EDIT GuiArtec/views/senderoEsculturas/index.html: 0
[2016-06-26 12:02:42] EDIT GuiArtec/views/senderoEsculturas/index.html: 0
[2016-06-26 12:03:07] EDIT GuiArtec/views/senderoEsculturas/index.html: 0
[2016-06-26 12:05:49] EDIT GuiArtec/views/senderoEsculturas/index.html: 4
[2016-06-26 12:08:17] EDIT GuiArtec/views/senderoEsculturas/index.html: -4
[2016-06-26 12:09:14] EDIT GuiArtec/views/senderoEsculturas/index.html: 0
[2016-06-26 12:09:40] EDIT GuiArtec/views/senderoEsculturas/index.html: 0
[2016-06-26 12:11:38] EDIT GuiArtec/views/busqueda/index.html: 49
[2016-06-26 12:13:24] EDIT GuiArtec/views/busqueda/index.html: 16
[2016-06-26 12:14:16] EDIT GuiArtec/views/busqueda/index.html: -16
[2016-06-26 12:15:34] EDIT GuiArtec/views/senderoEsculturas/index.html: 13
[2016-06-26 12:16:01] EDIT GuiArtec/views/senderoEsculturas/index.html: 0
[2016-06-26 12:16:53] EDIT GuiArtec/views/senderoEsculturas/index.html: 0
[2016-06-26 12:18:47] EDIT GuiArtec/views/senderoEsculturas/index.html: -226
[2016-06-26 12:19:06] EDIT GuiArtec/views/senderoEsculturas/index.html: 226
[2016-06-26 12:23:41] EDIT GuiArtec/views/senderoEsculturas/index.html: 8
[2016-06-26 12:26:26] EDIT GuiArtec/views/senderoEsculturas/index.html: -226
[2016-06-26 12:26:48] EDIT GuiArtec/views/senderoEsculturas/index.html: 226
[2016-06-26 12:29:17] EDIT GuiArtec/views/senderoEsculturas/index.html: 1
[2016-06-26 12:30:36] EDIT GuiArtec/views/senderoEsculturas/index.html: 0
[2016-06-26 12:31:36] EDIT GuiArtec/views/senderoEsculturas/index.html: 0
[2016-06-26 12:32:19] EDIT GuiArtec/views/senderoEsculturas/index.html: 0
[2016-06-26 12:36:38] EDIT GuiArtec/views/senderoEsculturas/index.html: 0
[2016-06-26 18:58:46] EDIT GuiArtec/views/senderoPuntos/index.html: 2
[2016-06-26 19:02:40] EDIT GuiArtec/views/senderoPuntos/index.html: 5
[2016-06-26 19:03:26] EDIT GuiArtec/views/senderoPuntos/index.html: 0
[2016-06-26 20:21:20] EDIT GuiArtec/views/default/index.html: 0
[2016-06-26 20:21:57] EDIT GuiArtec/views/senderoEsculturas/index.html: 0
[2016-06-26 20:23:26] EDIT GuiArtec/views/senderoMuseos/index.html: 0
[2016-06-26 20:23:30] EDIT GuiArtec/views/senderoMuseos/index.html: 0
[2016-06-29 11:55:43] EDIT GuiArtec/models/db.py: 11
[2016-06-29 12:46:25] EDIT GuiArtec/models/db.py: 0
[2016-06-29 12:52:27] EDIT GuiArtec/controllers/mapaEsculturas.py: 0
[2016-06-29 12:52:37] EDIT GuiArtec/controllers/mapaEsculturas.py: 0
[2016-06-29 13:14:13] EDIT GuiArtec/controllers/mapaEsculturas.py: 0
